#
# There is insufficient memory for the Java Runtime Environment to continue.
# Native memory allocation (mmap) failed to map 65536 bytes for Failed to commit metaspace.
# Possible reasons:
#   The system is out of physical RAM or swap space
#   The process is running with CompressedOops enabled, and the Java Heap may be blocking the growth of the native heap
# Possible solutions:
#   Reduce memory load on the system
#   Increase physical memory or swap space
#   Check if swap backing store is full
#   Decrease Java heap size (-Xmx/-Xms)
#   Decrease number of Java threads
#   Decrease Java thread stack sizes (-Xss)
#   Set larger code cache with -XX:ReservedCodeCacheSize=
#   JVM is running with Unscaled Compressed Oops mode in which the Java heap is
#     placed in the first 4GB address space. The Java Heap base address is the
#     maximum limit for the native heap growth. Please use -XX:HeapBaseMinAddress
#     to set the Java Heap base and to place the Java Heap above 4GB virtual address.
# This output file may be truncated or incomplete.
#
#  Out of Memory Error (virtualSpaceNode.cpp:110), pid=14316, tid=9240
#
# JRE version: Java(TM) SE Runtime Environment (17.0.7+8) (build 17.0.7+8-LTS-224)
# Java VM: Java HotSpot(TM) 64-Bit Server VM (17.0.7+8-LTS-224, mixed mode, emulated-client, sharing, tiered, compressed oops, compressed class ptrs, g1 gc, windows-amd64)
# No core dump will be written. Minidumps are not enabled by default on client versions of Windows
#

---------------  S U M M A R Y ------------

Command Line: -XX:TieredStopAtLevel=1 -Dspring.output.ansi.enabled=always -Dcom.sun.management.jmxremote -Dspring.jmx.enabled=true -Dspring.liveBeansView.mbeanDomain -Dspring.application.admin.enabled=true -Dmanagement.endpoints.jmx.exposure.include=* -javaagent:C:\Program Files\JetBrains\IntelliJ IDEA 2023.1.3\lib\idea_rt.jar=58480:C:\Program Files\JetBrains\IntelliJ IDEA 2023.1.3\bin -Dfile.encoding=UTF-8 com.example.bodethi.BodethiApplication

Host: Intel(R) Core(TM) i5-9300H CPU @ 2.40GHz, 8 cores, 7G,  Windows 10 , 64 bit Build 19041 (10.0.19041.3155)
Time: Fri Jul 14 11:51:25 2023 SE Asia Standard Time elapsed time: 265.009200 seconds (0d 0h 4m 25s)

---------------  T H R E A D  ---------------

Current thread (0x00000287ec07f020):  JavaThread "restartedMain" [_thread_in_vm, id=9240, stack(0x000000e594400000,0x000000e594500000)]

Stack: [0x000000e594400000,0x000000e594500000]
Native frames: (J=compiled Java code, j=interpreted, Vv=VM code, C=native code)
V  [jvm.dll+0x676a4a]
V  [jvm.dll+0x7d74f4]
V  [jvm.dll+0x7d8c9e]
V  [jvm.dll+0x7d9303]
V  [jvm.dll+0x2452c5]
V  [jvm.dll+0x7d35fb]
V  [jvm.dll+0x61ca36]
V  [jvm.dll+0x1bfbf7]
V  [jvm.dll+0x61f390]
V  [jvm.dll+0x61d3f6]
V  [jvm.dll+0x239a0f]
V  [jvm.dll+0x6270b5]
V  [jvm.dll+0x1e96ad]
V  [jvm.dll+0x1e9c75]
V  [jvm.dll+0x1ea5bb]
V  [jvm.dll+0x1dfdc1]
V  [jvm.dll+0x53cf0c]
V  [jvm.dll+0x752158]
V  [jvm.dll+0x752244]
V  [jvm.dll+0x40b12f]
V  [jvm.dll+0x411149]
C  [java.dll+0x17ec]

Java frames: (J=compiled Java code, j=interpreted, Vv=VM code)
J 1144  java.lang.ClassLoader.defineClass1(Ljava/lang/ClassLoader;Ljava/lang/String;[BIILjava/security/ProtectionDomain;Ljava/lang/String;)Ljava/lang/Class; java.base@17.0.7 (0 bytes) @ 0x00000287dc31aee3 [0x00000287dc31ae20+0x00000000000000c3]
J 7282 c1 java.lang.System$2.defineClass(Ljava/lang/ClassLoader;Ljava/lang/String;[BLjava/security/ProtectionDomain;Ljava/lang/String;)Ljava/lang/Class; java.base@17.0.7 (14 bytes) @ 0x00000287dcc233f4 [0x00000287dcc233a0+0x0000000000000054]
j  java.lang.reflect.Proxy$ProxyBuilder.defineProxyClass(Ljava/lang/Module;Ljava/util/List;)Ljava/lang/Class;+398 java.base@17.0.7
j  java.lang.reflect.Proxy$ProxyBuilder.build()Ljava/lang/reflect/Constructor;+8 java.base@17.0.7
j  java.lang.reflect.Proxy.lambda$getProxyConstructor$1(Ljava/lang/ClassLoader;Ljdk/internal/loader/AbstractClassLoaderValue$Sub;)Ljava/lang/reflect/Constructor;+15 java.base@17.0.7
j  java.lang.reflect.Proxy$$Lambda$238+0x0000000800cb1178.apply(Ljava/lang/Object;Ljava/lang/Object;)Ljava/lang/Object;+8 java.base@17.0.7
j  jdk.internal.loader.AbstractClassLoaderValue$Memoizer.get()Ljava/lang/Object;+75 java.base@17.0.7
J 2190 c1 jdk.internal.loader.AbstractClassLoaderValue.computeIfAbsent(Ljava/lang/ClassLoader;Ljava/util/function/BiFunction;)Ljava/lang/Object; java.base@17.0.7 (113 bytes) @ 0x00000287dc4bb394 [0x00000287dc4bb0a0+0x00000000000002f4]
J 2381 c1 java.lang.reflect.Proxy.getProxyConstructor(Ljava/lang/Class;Ljava/lang/ClassLoader;[Ljava/lang/Class;)Ljava/lang/reflect/Constructor; java.base@17.0.7 (92 bytes) @ 0x00000287dc512ff4 [0x00000287dc512dc0+0x0000000000000234]
J 2380 c1 java.lang.reflect.Proxy.newProxyInstance(Ljava/lang/ClassLoader;[Ljava/lang/Class;Ljava/lang/reflect/InvocationHandler;)Ljava/lang/Object; java.base@17.0.7 (35 bytes) @ 0x00000287dc5128d4 [0x00000287dc512860+0x0000000000000074]
j  org.springframework.aop.framework.JdkDynamicAopProxy.getProxy(Ljava/lang/ClassLoader;)Ljava/lang/Object;+56
j  org.springframework.aop.framework.ProxyFactory.getProxy(Ljava/lang/ClassLoader;)Ljava/lang/Object;+5
j  org.springframework.data.repository.core.support.RepositoryFactorySupport.getRepository(Ljava/lang/Class;Lorg/springframework/data/repository/core/support/RepositoryComposition$RepositoryFragments;)Ljava/lang/Object;+447
j  org.springframework.data.repository.core.support.RepositoryFactoryBeanSupport.lambda$afterPropertiesSet$5(Lorg/springframework/data/repository/core/support/RepositoryComposition$RepositoryFragments;)Lorg/springframework/data/repository/Repository;+9
j  org.springframework.data.repository.core.support.RepositoryFactoryBeanSupport$$Lambda$1196+0x00000008014c1560.get()Ljava/lang/Object;+8
J 5855 c1 org.springframework.data.util.Lazy.get()Ljava/lang/Object; (21 bytes) @ 0x00000287dc93bf1c [0x00000287dc93bec0+0x000000000000005c]
j  org.springframework.data.repository.core.support.RepositoryFactoryBeanSupport.afterPropertiesSet()V+232
j  org.springframework.data.jpa.repository.support.JpaRepositoryFactoryBean.afterPropertiesSet()V+18
J 6785 c1 org.springframework.beans.factory.support.AbstractAutowireCapableBeanFactory.invokeInitMethods(Ljava/lang/String;Ljava/lang/Object;Lorg/springframework/beans/factory/support/RootBeanDefinition;)V (161 bytes) @ 0x00000287dcb42edc [0x00000287dcb42d20+0x00000000000001bc]
J 6783 c1 org.springframework.beans.factory.support.AbstractAutowireCapableBeanFactory.initializeBean(Ljava/lang/String;Ljava/lang/Object;Lorg/springframework/beans/factory/support/RootBeanDefinition;)Ljava/lang/Object; (93 bytes) @ 0x00000287dcb425cc [0x00000287dcb42500+0x00000000000000cc]
J 6830 c1 org.springframework.beans.factory.support.AbstractAutowireCapableBeanFactory.doCreateBean(Ljava/lang/String;Lorg/springframework/beans/factory/support/RootBeanDefinition;[Ljava/lang/Object;)Ljava/lang/Object; (469 bytes) @ 0x00000287dcb5e544 [0x00000287dcb5dfa0+0x00000000000005a4]
J 6829 c1 org.springframework.beans.factory.support.AbstractAutowireCapableBeanFactory.createBean(Ljava/lang/String;Lorg/springframework/beans/factory/support/RootBeanDefinition;[Ljava/lang/Object;)Ljava/lang/Object; (214 bytes) @ 0x00000287dcb58c3c [0x00000287dcb587e0+0x000000000000045c]
J 6841 c1 org.springframework.beans.factory.support.AbstractBeanFactory$$Lambda$329+0x0000000800de6ab0.getObject()Ljava/lang/Object; (20 bytes) @ 0x00000287dcb611dc [0x00000287dcb61180+0x000000000000005c]
J 7604 c1 org.springframework.beans.factory.support.DefaultSingletonBeanRegistry.getSingleton(Ljava/lang/String;Lorg/springframework/beans/factory/ObjectFactory;)Ljava/lang/Object; (279 bytes) @ 0x00000287dccb3e74 [0x00000287dccb3b80+0x00000000000002f4]
J 2584 c1 org.springframework.beans.factory.support.AbstractBeanFactory.doGetBean(Ljava/lang/String;Ljava/lang/Class;[Ljava/lang/Object;Z)Ljava/lang/Object; (714 bytes) @ 0x00000287dc567d04 [0x00000287dc567740+0x00000000000005c4]
J 7609 c1 org.springframework.beans.factory.support.DefaultListableBeanFactory.doResolveDependency(Lorg/springframework/beans/factory/config/DependencyDescriptor;Ljava/lang/String;Ljava/util/Set;Lorg/springframework/beans/TypeConverter;)Ljava/lang/Object; (534 bytes) @ 0x00000287dccc061c [0x00000287dccbf3a0+0x000000000000127c]
J 7549 c1 org.springframework.beans.factory.support.DefaultListableBeanFactory.resolveDependency(Lorg/springframework/beans/factory/config/DependencyDescriptor;Ljava/lang/String;Ljava/util/Set;Lorg/springframework/beans/TypeConverter;)Ljava/lang/Object; (115 bytes) @ 0x00000287dcc97adc [0x00000287dcc97960+0x000000000000017c]
j  org.springframework.beans.factory.annotation.AutowiredAnnotationBeanPostProcessor$AutowiredFieldElement.resolveFieldValue(Ljava/lang/reflect/Field;Ljava/lang/Object;Ljava/lang/String;)Ljava/lang/Object;+81
j  org.springframework.beans.factory.annotation.AutowiredAnnotationBeanPostProcessor$AutowiredFieldElement.inject(Ljava/lang/Object;Ljava/lang/String;Lorg/springframework/beans/PropertyValues;)V+53
J 6355 c1 org.springframework.beans.factory.annotation.InjectionMetadata.inject(Ljava/lang/Object;Ljava/lang/String;Lorg/springframework/beans/PropertyValues;)V (75 bytes) @ 0x00000287dca86364 [0x00000287dca86260+0x0000000000000104]
J 6816 c1 org.springframework.beans.factory.annotation.AutowiredAnnotationBeanPostProcessor.postProcessProperties(Lorg/springframework/beans/PropertyValues;Ljava/lang/Object;Ljava/lang/String;)Lorg/springframework/beans/PropertyValues; (46 bytes) @ 0x00000287dcb513cc [0x00000287dcb51340+0x000000000000008c]
J 6659 c1 org.springframework.beans.factory.support.AbstractAutowireCapableBeanFactory.populateBean(Ljava/lang/String;Lorg/springframework/beans/factory/support/RootBeanDefinition;Lorg/springframework/beans/BeanWrapper;)V (355 bytes) @ 0x00000287dcb043fc [0x00000287dcb03980+0x0000000000000a7c]
J 6830 c1 org.springframework.beans.factory.support.AbstractAutowireCapableBeanFactory.doCreateBean(Ljava/lang/String;Lorg/springframework/beans/factory/support/RootBeanDefinition;[Ljava/lang/Object;)Ljava/lang/Object; (469 bytes) @ 0x00000287dcb5e51c [0x00000287dcb5dfa0+0x000000000000057c]
J 6829 c1 org.springframework.beans.factory.support.AbstractAutowireCapableBeanFactory.createBean(Ljava/lang/String;Lorg/springframework/beans/factory/support/RootBeanDefinition;[Ljava/lang/Object;)Ljava/lang/Object; (214 bytes) @ 0x00000287dcb58c3c [0x00000287dcb587e0+0x000000000000045c]
J 6841 c1 org.springframework.beans.factory.support.AbstractBeanFactory$$Lambda$329+0x0000000800de6ab0.getObject()Ljava/lang/Object; (20 bytes) @ 0x00000287dcb611dc [0x00000287dcb61180+0x000000000000005c]
J 7604 c1 org.springframework.beans.factory.support.DefaultSingletonBeanRegistry.getSingleton(Ljava/lang/String;Lorg/springframework/beans/factory/ObjectFactory;)Ljava/lang/Object; (279 bytes) @ 0x00000287dccb3e74 [0x00000287dccb3b80+0x00000000000002f4]
J 2584 c1 org.springframework.beans.factory.support.AbstractBeanFactory.doGetBean(Ljava/lang/String;Ljava/lang/Class;[Ljava/lang/Object;Z)Ljava/lang/Object; (714 bytes) @ 0x00000287dc567d04 [0x00000287dc567740+0x00000000000005c4]
J 6679 c1 org.springframework.beans.factory.support.AbstractBeanFactory.getBean(Ljava/lang/String;)Ljava/lang/Object; (9 bytes) @ 0x00000287dcb1216c [0x00000287dcb12120+0x000000000000004c]
j  org.springframework.beans.factory.support.DefaultListableBeanFactory.preInstantiateSingletons()V+152
j  org.springframework.context.support.AbstractApplicationContext.finishBeanFactoryInitialization(Lorg/springframework/beans/factory/config/ConfigurableListableBeanFactory;)V+130
j  org.springframework.context.support.AbstractApplicationContext.refresh()V+86
j  org.springframework.boot.web.servlet.context.ServletWebServerApplicationContext.refresh()V+1
j  org.springframework.boot.SpringApplication.refresh(Lorg/springframework/context/ConfigurableApplicationContext;)V+1
j  org.springframework.boot.SpringApplication.refreshContext(Lorg/springframework/context/ConfigurableApplicationContext;)V+16
j  org.springframework.boot.SpringApplication.run([Ljava/lang/String;)Lorg/springframework/context/ConfigurableApplicationContext;+101
j  org.springframework.boot.SpringApplication.run([Ljava/lang/Class;[Ljava/lang/String;)Lorg/springframework/context/ConfigurableApplicationContext;+9
j  org.springframework.boot.SpringApplication.run(Ljava/lang/Class;[Ljava/lang/String;)Lorg/springframework/context/ConfigurableApplicationContext;+9
j  com.example.bodethi.BodethiApplication.main([Ljava/lang/String;)V+3
v  ~StubRoutines::call_stub
J 4934  jdk.internal.reflect.NativeMethodAccessorImpl.invoke0(Ljava/lang/reflect/Method;Ljava/lang/Object;[Ljava/lang/Object;)Ljava/lang/Object; java.base@17.0.7 (0 bytes) @ 0x00000287dc1d0127 [0x00000287dc1d00a0+0x0000000000000087]
J 4933 c1 jdk.internal.reflect.NativeMethodAccessorImpl.invoke(Ljava/lang/Object;[Ljava/lang/Object;)Ljava/lang/Object; java.base@17.0.7 (137 bytes) @ 0x00000287dc1cf994 [0x00000287dc1cf680+0x0000000000000314]
J 4408 c1 jdk.internal.reflect.DelegatingMethodAccessorImpl.invoke(Ljava/lang/Object;[Ljava/lang/Object;)Ljava/lang/Object; java.base@17.0.7 (10 bytes) @ 0x00000287dc852564 [0x00000287dc852520+0x0000000000000044]
J 4690 c1 java.lang.reflect.Method.invoke(Ljava/lang/Object;[Ljava/lang/Object;)Ljava/lang/Object; java.base@17.0.7 (65 bytes) @ 0x00000287dc22a464 [0x00000287dc22a360+0x0000000000000104]
j  org.springframework.boot.devtools.restart.RestartLauncher.run()V+42
v  ~StubRoutines::call_stub

---------------  P R O C E S S  ---------------

Threads class SMR info:
_java_thread_list=0x00000287ec1dfdf0, length=23, elements={
0x00000287e644fa00, 0x00000287e6450f20, 0x00000287e6463890, 0x00000287e6464610,
0x00000287e64682f0, 0x00000287e6468bb0, 0x00000287e6469cc0, 0x00000287e646ad60,
0x00000287e6437270, 0x00000287e7488a20, 0x00000287e748c340, 0x00000287e763d890,
0x00000287e786f710, 0x00000287e76c74f0, 0x00000287ec07eb50, 0x00000287ec080360,
0x00000287ec07f020, 0x00000287ec080830, 0x00000287ec07f4f0, 0x00000287ec078fe0,
0x00000287ec07e680, 0x00000287ec07f9c0, 0x00000287ec1c0590
}

Java Threads: ( => current thread )
  0x00000287e644fa00 JavaThread "Reference Handler" daemon [_thread_blocked, id=8700, stack(0x000000e594200000,0x000000e594300000)]
  0x00000287e6450f20 JavaThread "Finalizer" daemon [_thread_blocked, id=7884, stack(0x000000e594300000,0x000000e594400000)]
  0x00000287e6463890 JavaThread "Signal Dispatcher" daemon [_thread_blocked, id=9444, stack(0x000000e594500000,0x000000e594600000)]
  0x00000287e6464610 JavaThread "Attach Listener" daemon [_thread_blocked, id=11064, stack(0x000000e594600000,0x000000e594700000)]
  0x00000287e64682f0 JavaThread "Service Thread" daemon [_thread_blocked, id=4024, stack(0x000000e594700000,0x000000e594800000)]
  0x00000287e6468bb0 JavaThread "Monitor Deflation Thread" daemon [_thread_blocked, id=20396, stack(0x000000e594800000,0x000000e594900000)]
  0x00000287e6469cc0 JavaThread "C1 CompilerThread0" daemon [_thread_blocked, id=6572, stack(0x000000e594900000,0x000000e594a00000)]
  0x00000287e646ad60 JavaThread "Sweeper thread" daemon [_thread_blocked, id=5076, stack(0x000000e594a00000,0x000000e594b00000)]
  0x00000287e6437270 JavaThread "Common-Cleaner" daemon [_thread_blocked, id=3220, stack(0x000000e594b00000,0x000000e594c00000)]
  0x00000287e7488a20 JavaThread "Monitor Ctrl-Break" daemon [_thread_in_native, id=1152, stack(0x000000e594d00000,0x000000e594e00000)]
  0x00000287e748c340 JavaThread "Notification Thread" daemon [_thread_blocked, id=13740, stack(0x000000e594e00000,0x000000e594f00000)]
  0x00000287e763d890 JavaThread "RMI TCP Accept-0" daemon [_thread_in_native, id=21308, stack(0x000000e595100000,0x000000e595200000)]
  0x00000287e786f710 JavaThread "mysql-cj-abandoned-connection-cleanup" daemon [_thread_blocked, id=17652, stack(0x000000e595e00000,0x000000e595f00000)]
  0x00000287e76c74f0 JavaThread "Live Reload Server" daemon [_thread_in_native, id=15664, stack(0x000000e596500000,0x000000e596600000)]
  0x00000287ec07eb50 JavaThread "DestroyJavaVM" [_thread_blocked, id=18548, stack(0x000000e593b00000,0x000000e593c00000)]
  0x00000287ec080360 JavaThread "Thread-11" [_thread_blocked, id=9824, stack(0x000000e593900000,0x000000e593a00000)]
=>0x00000287ec07f020 JavaThread "restartedMain" [_thread_in_vm, id=9240, stack(0x000000e594400000,0x000000e594500000)]
  0x00000287ec080830 JavaThread "HikariPool-4 housekeeper" daemon [_thread_blocked, id=4348, stack(0x000000e593a00000,0x000000e593b00000)]
  0x00000287ec07f4f0 JavaThread "Catalina-utility-1" [_thread_blocked, id=21272, stack(0x000000e594c00000,0x000000e594d00000)]
  0x00000287ec078fe0 JavaThread "Catalina-utility-2" [_thread_blocked, id=8632, stack(0x000000e594f00000,0x000000e595000000)]
  0x00000287ec07e680 JavaThread "container-0" [_thread_blocked, id=2864, stack(0x000000e595000000,0x000000e595100000)]
  0x00000287ec07f9c0 JavaThread "HikariPool-4 connection adder" daemon [_thread_blocked, id=20980, stack(0x000000e595b00000,0x000000e595c00000)]
  0x00000287ec1c0590 JavaThread "C1 CompilerThread1" daemon [_thread_blocked, id=7588, stack(0x000000e595c00000,0x000000e595d00000)]

Other Threads:
  0x00000287e6447a80 VMThread "VM Thread" [stack: 0x000000e594100000,0x000000e594200000] [id=10468]
  0x00000287d463e440 WatcherThread [stack: 0x000000e595200000,0x000000e595300000] [id=8240]
  0x00000287d4696130 GCTaskThread "GC Thread#0" [stack: 0x000000e593c00000,0x000000e593d00000] [id=10164]
  0x00000287e7928590 GCTaskThread "GC Thread#1" [stack: 0x000000e595300000,0x000000e595400000] [id=19960]
  0x00000287e7939390 GCTaskThread "GC Thread#2" [stack: 0x000000e595400000,0x000000e595500000] [id=20608]
  0x00000287e7959ac0 GCTaskThread "GC Thread#3" [stack: 0x000000e595500000,0x000000e595600000] [id=17432]
  0x00000287e799fdf0 GCTaskThread "GC Thread#4" [stack: 0x000000e595600000,0x000000e595700000] [id=7108]
  0x00000287e79a06b0 GCTaskThread "GC Thread#5" [stack: 0x000000e595700000,0x000000e595800000] [id=8332]
  0x00000287e79a0960 GCTaskThread "GC Thread#6" [stack: 0x000000e595800000,0x000000e595900000] [id=16632]
  0x00000287e79a0c10 GCTaskThread "GC Thread#7" [stack: 0x000000e595900000,0x000000e595a00000] [id=20000]
  0x00000287d46a8a60 ConcurrentGCThread "G1 Main Marker" [stack: 0x000000e593d00000,0x000000e593e00000] [id=14544]
  0x00000287d46a9380 ConcurrentGCThread "G1 Conc#0" [stack: 0x000000e593e00000,0x000000e593f00000] [id=20496]
  0x00000287e905a750 ConcurrentGCThread "G1 Conc#1" [stack: 0x000000e595d00000,0x000000e595e00000] [id=616]
  0x00000287d470d830 ConcurrentGCThread "G1 Refine#0" [stack: 0x000000e593f00000,0x000000e594000000] [id=8980]
  0x00000287e796d020 ConcurrentGCThread "G1 Refine#1" [stack: 0x000000e595a00000,0x000000e595b00000] [id=21160]
  0x00000287d470e160 ConcurrentGCThread "G1 Service" [stack: 0x000000e594000000,0x000000e594100000] [id=11080]

Threads with active compile tasks:

VM state: not at safepoint (normal execution)

VM Mutex/Monitor currently owned by a thread:  ([mutex/lock_event])
[0x00000287d4637d40] Metaspace_lock - owner thread: 0x00000287ec07f020

Heap address: 0x0000000082a00000, size: 2006 MB, Compressed Oops mode: 32-bit

CDS archive(s) mapped at: [0x0000000800000000-0x0000000800bd0000-0x0000000800bd0000), size 12386304, SharedBaseAddress: 0x0000000800000000, ArchiveRelocationMode: 0.
Compressed class space mapped at: 0x0000000800c00000-0x0000000840c00000, reserved size: 1073741824
Narrow klass base: 0x0000000800000000, Narrow klass shift: 0, Narrow klass range: 0x100000000

GC Precious Log:
 CPUs: 8 total, 8 available
 Memory: 8021M
 Large Page Support: Disabled
 NUMA Support: Disabled
 Compressed Oops: Enabled (32-bit)
 Heap Region Size: 1M
 Heap Min Capacity: 8M
 Heap Initial Capacity: 126M
 Heap Max Capacity: 2006M
 Pre-touch: Disabled
 Parallel Workers: 8
 Concurrent Workers: 2
 Concurrent Refinement Workers: 8
 Periodic GC: Disabled

Heap:
 garbage-first heap   total 86016K, used 61014K [0x0000000082a00000, 0x0000000100000000)
  region size 1024K, 30 young (30720K), 3 survivors (3072K)
 Metaspace       used 72328K, committed 72832K, reserved 1114112K
  class space    used 10569K, committed 10816K, reserved 1048576K

Heap Regions: E=young(eden), S=young(survivor), O=old, HS=humongous(starts), HC=humongous(continues), CS=collection set, F=free, OA=open archive, CA=closed archive, TAMS=top-at-mark-start (previous, next)
|   0|0x0000000082a00000, 0x0000000082b00000, 0x0000000082b00000|100%|HS|  |TAMS 0x0000000082b00000, 0x0000000082a00000| Complete 
|   1|0x0000000082b00000, 0x0000000082bffff0, 0x0000000082c00000| 99%| O|  |TAMS 0x0000000082bffff0, 0x0000000082b00000| Untracked 
|   2|0x0000000082c00000, 0x0000000082d00000, 0x0000000082d00000|100%| O|  |TAMS 0x0000000082d00000, 0x0000000082c00000| Untracked 
|   3|0x0000000082d00000, 0x0000000082dfff80, 0x0000000082e00000| 99%| O|  |TAMS 0x0000000082dfff80, 0x0000000082d00000| Untracked 
|   4|0x0000000082e00000, 0x0000000082effff0, 0x0000000082f00000| 99%| O|  |TAMS 0x0000000082effff0, 0x0000000082e00000| Untracked 
|   5|0x0000000082f00000, 0x0000000082fffff8, 0x0000000083000000| 99%| O|  |TAMS 0x0000000082fffff8, 0x0000000082f00000| Untracked 
|   6|0x0000000083000000, 0x0000000083100000, 0x0000000083100000|100%| O|  |TAMS 0x0000000083100000, 0x0000000083000000| Untracked 
|   7|0x0000000083100000, 0x00000000831ffff8, 0x0000000083200000| 99%| O|  |TAMS 0x00000000831ffff8, 0x0000000083100000| Untracked 
|   8|0x0000000083200000, 0x00000000832ffff0, 0x0000000083300000| 99%| O|  |TAMS 0x00000000832ffff0, 0x0000000083200000| Untracked 
|   9|0x0000000083300000, 0x0000000083400000, 0x0000000083400000|100%| O|  |TAMS 0x0000000083400000, 0x0000000083300000| Untracked 
|  10|0x0000000083400000, 0x00000000834ffff8, 0x0000000083500000| 99%| O|  |TAMS 0x00000000834ffff8, 0x0000000083400000| Untracked 
|  11|0x0000000083500000, 0x00000000835ffff8, 0x0000000083600000| 99%| O|  |TAMS 0x00000000835ffff8, 0x0000000083500000| Untracked 
|  12|0x0000000083600000, 0x0000000083700000, 0x0000000083700000|100%| O|  |TAMS 0x0000000083700000, 0x0000000083600000| Untracked 
|  13|0x0000000083700000, 0x00000000837ffff8, 0x0000000083800000| 99%| O|  |TAMS 0x00000000837ffff8, 0x0000000083700000| Untracked 
|  14|0x0000000083800000, 0x00000000838ffff0, 0x0000000083900000| 99%| O|  |TAMS 0x00000000838ffff0, 0x0000000083800000| Untracked 
|  15|0x0000000083900000, 0x00000000839ffff8, 0x0000000083a00000| 99%| O|  |TAMS 0x00000000839ffff8, 0x0000000083900000| Untracked 
|  16|0x0000000083a00000, 0x0000000083affff0, 0x0000000083b00000| 99%| O|  |TAMS 0x0000000083affff0, 0x0000000083a00000| Untracked 
|  17|0x0000000083b00000, 0x0000000083c00000, 0x0000000083c00000|100%| O|  |TAMS 0x0000000083c00000, 0x0000000083b00000| Untracked 
|  18|0x0000000083c00000, 0x0000000083cfffc0, 0x0000000083d00000| 99%| O|  |TAMS 0x0000000083cfffc0, 0x0000000083c00000| Untracked 
|  19|0x0000000083d00000, 0x0000000083dffff0, 0x0000000083e00000| 99%| O|  |TAMS 0x0000000083dffff0, 0x0000000083d00000| Untracked 
|  20|0x0000000083e00000, 0x0000000083effff8, 0x0000000083f00000| 99%| O|  |TAMS 0x0000000083effff8, 0x0000000083e00000| Untracked 
|  21|0x0000000083f00000, 0x0000000083fffff8, 0x0000000084000000| 99%| O|  |TAMS 0x0000000083fffff8, 0x0000000083f00000| Untracked 
|  22|0x0000000084000000, 0x00000000840fffb8, 0x0000000084100000| 99%| O|  |TAMS 0x00000000840fffb8, 0x0000000084000000| Untracked 
|  23|0x0000000084100000, 0x0000000084200000, 0x0000000084200000|100%| O|  |TAMS 0x0000000084200000, 0x0000000084100000| Untracked 
|  24|0x0000000084200000, 0x0000000084286a48, 0x0000000084300000| 52%| O|  |TAMS 0x0000000084286a48, 0x0000000084200000| Untracked 
|  25|0x0000000084300000, 0x00000000843ae070, 0x0000000084400000| 67%| O|  |TAMS 0x00000000843ae070, 0x0000000084300000| Untracked 
|  26|0x0000000084400000, 0x00000000844fffa0, 0x0000000084500000| 99%| O|  |TAMS 0x00000000844fffa0, 0x0000000084400000| Untracked 
|  27|0x0000000084500000, 0x0000000084600000, 0x0000000084600000|100%| O|  |TAMS 0x0000000084500000, 0x0000000084500000| Untracked 
|  28|0x0000000084600000, 0x0000000084700000, 0x0000000084700000|100%| O|  |TAMS 0x0000000084600000, 0x0000000084600000| Untracked 
|  29|0x0000000084700000, 0x0000000084800000, 0x0000000084800000|100%| O|  |TAMS 0x0000000084800000, 0x0000000084700000| Untracked 
|  30|0x0000000084800000, 0x00000000848c9718, 0x0000000084900000| 78%| O|  |TAMS 0x00000000848c9718, 0x0000000084800000| Untracked 
|  31|0x0000000084900000, 0x0000000084933208, 0x0000000084a00000| 19%| O|  |TAMS 0x0000000084933208, 0x0000000084900000| Untracked 
|  32|0x0000000084a00000, 0x0000000084a115c8, 0x0000000084b00000|  6%| O|  |TAMS 0x0000000084a115c8, 0x0000000084a00000| Untracked 
|  33|0x0000000084b00000, 0x0000000084bb8800, 0x0000000084c00000| 72%| O|  |TAMS 0x0000000084b00000, 0x0000000084b00000| Untracked 
|  34|0x0000000084c00000, 0x0000000084c00000, 0x0000000084d00000|  0%| F|  |TAMS 0x0000000084c00000, 0x0000000084c00000| Untracked 
|  35|0x0000000084d00000, 0x0000000084d00000, 0x0000000084e00000|  0%| F|  |TAMS 0x0000000084d00000, 0x0000000084d00000| Untracked 
|  36|0x0000000084e00000, 0x0000000084e00000, 0x0000000084f00000|  0%| F|  |TAMS 0x0000000084e00000, 0x0000000084e00000| Untracked 
|  37|0x0000000084f00000, 0x0000000084f00000, 0x0000000085000000|  0%| F|  |TAMS 0x0000000084f00000, 0x0000000084f00000| Untracked 
|  38|0x0000000085000000, 0x0000000085000000, 0x0000000085100000|  0%| F|  |TAMS 0x0000000085000000, 0x0000000085000000| Untracked 
|  39|0x0000000085100000, 0x0000000085100000, 0x0000000085200000|  0%| F|  |TAMS 0x0000000085100000, 0x0000000085100000| Untracked 
|  40|0x0000000085200000, 0x0000000085200000, 0x0000000085300000|  0%| F|  |TAMS 0x0000000085200000, 0x0000000085200000| Untracked 
|  41|0x0000000085300000, 0x0000000085300000, 0x0000000085400000|  0%| F|  |TAMS 0x0000000085300000, 0x0000000085300000| Untracked 
|  42|0x0000000085400000, 0x0000000085400000, 0x0000000085500000|  0%| F|  |TAMS 0x0000000085400000, 0x0000000085400000| Untracked 
|  43|0x0000000085500000, 0x0000000085500000, 0x0000000085600000|  0%| F|  |TAMS 0x0000000085500000, 0x0000000085500000| Untracked 
|  44|0x0000000085600000, 0x0000000085600000, 0x0000000085700000|  0%| F|  |TAMS 0x0000000085600000, 0x0000000085600000| Untracked 
|  45|0x0000000085700000, 0x0000000085700000, 0x0000000085800000|  0%| F|  |TAMS 0x0000000085700000, 0x0000000085700000| Untracked 
|  46|0x0000000085800000, 0x0000000085800000, 0x0000000085900000|  0%| F|  |TAMS 0x0000000085800000, 0x0000000085800000| Untracked 
|  47|0x0000000085900000, 0x0000000085900000, 0x0000000085a00000|  0%| F|  |TAMS 0x0000000085900000, 0x0000000085900000| Untracked 
|  48|0x0000000085a00000, 0x0000000085a9aab8, 0x0000000085b00000| 60%| S|CS|TAMS 0x0000000085a00000, 0x0000000085a00000| Complete 
|  49|0x0000000085b00000, 0x0000000085c00000, 0x0000000085c00000|100%| S|CS|TAMS 0x0000000085b00000, 0x0000000085b00000| Complete 
|  50|0x0000000085c00000, 0x0000000085d00000, 0x0000000085d00000|100%| S|CS|TAMS 0x0000000085c00000, 0x0000000085c00000| Complete 
|  51|0x0000000085d00000, 0x0000000085d00000, 0x0000000085e00000|  0%| F|  |TAMS 0x0000000085d00000, 0x0000000085d00000| Untracked 
|  52|0x0000000085e00000, 0x0000000085e00000, 0x0000000085f00000|  0%| F|  |TAMS 0x0000000085e00000, 0x0000000085e00000| Untracked 
|  53|0x0000000085f00000, 0x0000000085f00000, 0x0000000086000000|  0%| F|  |TAMS 0x0000000085f00000, 0x0000000085f00000| Untracked 
|  54|0x0000000086000000, 0x0000000086000000, 0x0000000086100000|  0%| F|  |TAMS 0x0000000086000000, 0x0000000086000000| Untracked 
|  55|0x0000000086100000, 0x0000000086100000, 0x0000000086200000|  0%| F|  |TAMS 0x0000000086100000, 0x0000000086100000| Untracked 
|  56|0x0000000086200000, 0x0000000086200000, 0x0000000086300000|  0%| F|  |TAMS 0x0000000086200000, 0x0000000086200000| Untracked 
|  57|0x0000000086300000, 0x000000008636b720, 0x0000000086400000| 41%| E|  |TAMS 0x0000000086300000, 0x0000000086300000| Complete 
|  58|0x0000000086400000, 0x0000000086500000, 0x0000000086500000|100%| E|CS|TAMS 0x0000000086400000, 0x0000000086400000| Complete 
|  59|0x0000000086500000, 0x0000000086600000, 0x0000000086600000|100%| E|CS|TAMS 0x0000000086500000, 0x0000000086500000| Complete 
|  60|0x0000000086600000, 0x0000000086700000, 0x0000000086700000|100%| E|CS|TAMS 0x0000000086600000, 0x0000000086600000| Complete 
|  61|0x0000000086700000, 0x0000000086800000, 0x0000000086800000|100%| E|CS|TAMS 0x0000000086700000, 0x0000000086700000| Complete 
|  62|0x0000000086800000, 0x0000000086900000, 0x0000000086900000|100%| E|CS|TAMS 0x0000000086800000, 0x0000000086800000| Complete 
|  63|0x0000000086900000, 0x0000000086a00000, 0x0000000086a00000|100%| E|CS|TAMS 0x0000000086900000, 0x0000000086900000| Complete 
|  64|0x0000000086a00000, 0x0000000086b00000, 0x0000000086b00000|100%| E|CS|TAMS 0x0000000086a00000, 0x0000000086a00000| Complete 
|  65|0x0000000086b00000, 0x0000000086c00000, 0x0000000086c00000|100%| E|CS|TAMS 0x0000000086b00000, 0x0000000086b00000| Complete 
|  66|0x0000000086c00000, 0x0000000086d00000, 0x0000000086d00000|100%| E|CS|TAMS 0x0000000086c00000, 0x0000000086c00000| Complete 
|  67|0x0000000086d00000, 0x0000000086e00000, 0x0000000086e00000|100%| E|CS|TAMS 0x0000000086d00000, 0x0000000086d00000| Complete 
|  68|0x0000000086e00000, 0x0000000086f00000, 0x0000000086f00000|100%| E|CS|TAMS 0x0000000086e00000, 0x0000000086e00000| Complete 
|  69|0x0000000086f00000, 0x0000000087000000, 0x0000000087000000|100%| E|CS|TAMS 0x0000000086f00000, 0x0000000086f00000| Complete 
|  70|0x0000000087000000, 0x0000000087100000, 0x0000000087100000|100%| E|CS|TAMS 0x0000000087000000, 0x0000000087000000| Complete 
|  71|0x0000000087100000, 0x0000000087200000, 0x0000000087200000|100%| E|CS|TAMS 0x0000000087100000, 0x0000000087100000| Complete 
|  72|0x0000000087200000, 0x0000000087300000, 0x0000000087300000|100%| E|CS|TAMS 0x0000000087200000, 0x0000000087200000| Complete 
|  73|0x0000000087300000, 0x0000000087400000, 0x0000000087400000|100%| E|CS|TAMS 0x0000000087300000, 0x0000000087300000| Complete 
|  74|0x0000000087400000, 0x0000000087500000, 0x0000000087500000|100%| E|CS|TAMS 0x0000000087400000, 0x0000000087400000| Complete 
|  75|0x0000000087500000, 0x0000000087600000, 0x0000000087600000|100%| E|CS|TAMS 0x0000000087500000, 0x0000000087500000| Complete 
|  76|0x0000000087600000, 0x0000000087700000, 0x0000000087700000|100%| E|CS|TAMS 0x0000000087600000, 0x0000000087600000| Complete 
|  77|0x0000000087700000, 0x0000000087800000, 0x0000000087800000|100%| E|CS|TAMS 0x0000000087700000, 0x0000000087700000| Complete 
|  78|0x0000000087800000, 0x0000000087900000, 0x0000000087900000|100%| E|CS|TAMS 0x0000000087800000, 0x0000000087800000| Complete 
|  79|0x0000000087900000, 0x0000000087a00000, 0x0000000087a00000|100%| E|CS|TAMS 0x0000000087900000, 0x0000000087900000| Complete 
|  80|0x0000000087a00000, 0x0000000087b00000, 0x0000000087b00000|100%| E|CS|TAMS 0x0000000087a00000, 0x0000000087a00000| Complete 
|  81|0x0000000087b00000, 0x0000000087c00000, 0x0000000087c00000|100%| E|CS|TAMS 0x0000000087b00000, 0x0000000087b00000| Complete 
|  82|0x0000000087c00000, 0x0000000087d00000, 0x0000000087d00000|100%| E|CS|TAMS 0x0000000087c00000, 0x0000000087c00000| Complete 
| 125|0x000000008a700000, 0x000000008a800000, 0x000000008a800000|100%| E|CS|TAMS 0x000000008a700000, 0x000000008a700000| Complete 

Card table byte_map: [0x00000287df3c0000,0x00000287df7b0000] _byte_map_base: 0x00000287defab000

Marking Bits (Prev, Next): (CMBitMap*) 0x00000287d46976a0, (CMBitMap*) 0x00000287d4697660
 Prev Bits: [0x00000287e1b00000, 0x00000287e3a58000)
 Next Bits: [0x00000287dfba0000, 0x00000287e1af8000)

Polling page: 0x00000287d25c0000

Metaspace:

Usage:
  Non-class:     60.31 MB used.
      Class:     10.32 MB used.
       Both:     70.63 MB used.

Virtual space:
  Non-class space:       64.00 MB reserved,      60.56 MB ( 95%) committed,  8 nodes.
      Class space:        1.00 GB reserved,      10.56 MB (  1%) committed,  1 nodes.
             Both:        1.06 GB reserved,      71.12 MB (  7%) committed. 

Chunk freelists:
   Non-Class:  3.42 MB
       Class:  1.33 MB
        Both:  4.75 MB

MaxMetaspaceSize: unlimited
CompressedClassSpaceSize: 1.00 GB
Initial GC threshold: 21.00 MB
Current GC threshold: 118.12 MB
CDS: on
MetaspaceReclaimPolicy: balanced
 - commit_granule_bytes: 65536.
 - commit_granule_words: 8192.
 - virtual_space_node_default_size: 1048576.
 - enlarge_chunks_in_place: 1.
 - new_chunks_are_fully_committed: 0.
 - uncommit_free_chunks: 1.
 - use_allocation_guard: 0.
 - handle_deallocations: 1.


Internal statistics:

num_allocs_failed_limit: 6.
num_arena_births: 1034.
num_arena_deaths: 266.
num_vsnodes_births: 9.
num_vsnodes_deaths: 0.
num_space_committed: 1138.
num_space_uncommitted: 0.
num_chunks_returned_to_freelist: 313.
num_chunks_taken_from_freelist: 3736.
num_chunk_merges: 105.
num_chunk_splits: 2560.
num_chunks_enlarged: 1932.
num_purges: 12.
num_inconsistent_stats: 0.

CodeCache: size=49152Kb used=18243Kb max_used=18243Kb free=30908Kb
 bounds [0x00000287dbec0000, 0x00000287dd0a0000, 0x00000287deec0000]
 total_blobs=11032 nmethods=10345 adapters=612
 compilation: enabled
              stopped_count=0, restarted_count=0
 full_count=0

Compilation events (20 events):
Event: 264.974 Thread 0x00000287ec1c0590 10336       1       org.springframework.data.repository.query.SpelQueryContext$QuotationMap::<init> (151 bytes)
Event: 264.975 Thread 0x00000287ec1c0590 nmethod 10336 0x00000287dd08d590 code [0x00000287dd08d840, 0x00000287dd08e5b8]
Event: 264.975 Thread 0x00000287ec1c0590 10337       1       org.antlr.v4.runtime.tree.AbstractParseTreeVisitor::defaultResult (2 bytes)
Event: 264.975 Thread 0x00000287e6469cc0 10338       1       org.antlr.v4.runtime.tree.AbstractParseTreeVisitor::shouldVisitNextChild (2 bytes)
Event: 264.976 Thread 0x00000287ec1c0590 nmethod 10337 0x00000287dd08ec90 code [0x00000287dd08ee20, 0x00000287dd08eef8]
Event: 264.976 Thread 0x00000287e6469cc0 nmethod 10338 0x00000287dd08ef90 code [0x00000287dd08f120, 0x00000287dd08f1f8]
Event: 264.976 Thread 0x00000287ec1c0590 10339       1       org.hibernate.query.sqm.tree.domain.AbstractSqmFrom::getSqmJoins (21 bytes)
Event: 264.976 Thread 0x00000287ec1c0590 nmethod 10339 0x00000287dd08f290 code [0x00000287dd08f420, 0x00000287dd08f528]
Event: 264.978 Thread 0x00000287ec1c0590 10340       1       org.springframework.core.annotation.AnnotationTypeMapping$MirrorSets$MirrorSet::update (67 bytes)
Event: 264.978 Thread 0x00000287e6469cc0 10341       1       org.springframework.core.annotation.AnnotationTypeMapping$MirrorSets$MirrorSet::get (22 bytes)
Event: 264.979 Thread 0x00000287ec1c0590 nmethod 10340 0x00000287dd08f590 code [0x00000287dd08f720, 0x00000287dd08f878]
Event: 264.979 Thread 0x00000287e6469cc0 nmethod 10341 0x00000287dd08fa10 code [0x00000287dd08fba0, 0x00000287dd08fcd8]
Event: 265.003 Thread 0x00000287e6469cc0 10342       1       org.springframework.data.repository.query.Parameter::isDynamicProjectionParameter (5 bytes)
Event: 265.004 Thread 0x00000287e6469cc0 nmethod 10342 0x00000287dd08fe90 code [0x00000287dd090020, 0x00000287dd0900f8]
Event: 265.005 Thread 0x00000287e6469cc0 10343       1       org.jboss.logging.Logger::logf (12 bytes)
Event: 265.005 Thread 0x00000287e6469cc0 nmethod 10343 0x00000287dd090190 code [0x00000287dd090320, 0x00000287dd090408]
Event: 265.006 Thread 0x00000287e6469cc0 10344       1       java.util.regex.Pattern$Begin::match (62 bytes)
Event: 265.006 Thread 0x00000287ec1c0590 10345       1       org.hibernate.metamodel.model.domain.AbstractManagedType::findDeclaredAttribute (51 bytes)
Event: 265.006 Thread 0x00000287e6469cc0 nmethod 10344 0x00000287dd090490 code [0x00000287dd090640, 0x00000287dd0907e8]
Event: 265.006 Thread 0x00000287ec1c0590 nmethod 10345 0x00000287dd090910 code [0x00000287dd090ae0, 0x00000287dd090d78]

GC Heap History (20 events):
Event: 246.356 GC heap before
{Heap before GC invocations=68 (full 1):
 garbage-first heap   total 71680K, used 57162K [0x0000000082a00000, 0x0000000100000000)
  region size 1024K, 25 young (25600K), 2 survivors (2048K)
 Metaspace       used 70955K, committed 71488K, reserved 1114112K
  class space    used 10436K, committed 10688K, reserved 1048576K
}
Event: 246.360 GC heap after
{Heap after GC invocations=69 (full 1):
 garbage-first heap   total 71680K, used 35964K [0x0000000082a00000, 0x0000000100000000)
  region size 1024K, 4 young (4096K), 4 survivors (4096K)
 Metaspace       used 70955K, committed 71488K, reserved 1114112K
  class space    used 10436K, committed 10688K, reserved 1048576K
}
Event: 248.737 GC heap before
{Heap before GC invocations=69 (full 1):
 garbage-first heap   total 71680K, used 46204K [0x0000000082a00000, 0x0000000100000000)
  region size 1024K, 15 young (15360K), 4 survivors (4096K)
 Metaspace       used 70991K, committed 71488K, reserved 1114112K
  class space    used 10440K, committed 10688K, reserved 1048576K
}
Event: 248.772 GC heap after
{Heap after GC invocations=70 (full 2):
 garbage-first heap   total 71680K, used 28342K [0x0000000082a00000, 0x0000000100000000)
  region size 1024K, 0 young (0K), 0 survivors (0K)
 Metaspace       used 70989K, committed 71488K, reserved 1114112K
  class space    used 10440K, committed 10688K, reserved 1048576K
}
Event: 249.019 GC heap before
{Heap before GC invocations=70 (full 2):
 garbage-first heap   total 71680K, used 54966K [0x0000000082a00000, 0x0000000100000000)
  region size 1024K, 26 young (26624K), 0 survivors (0K)
 Metaspace       used 71166K, committed 71680K, reserved 1114112K
  class space    used 10460K, committed 10688K, reserved 1048576K
}
Event: 249.021 GC heap after
{Heap after GC invocations=71 (full 2):
 garbage-first heap   total 86016K, used 30852K [0x0000000082a00000, 0x0000000100000000)
  region size 1024K, 3 young (3072K), 3 survivors (3072K)
 Metaspace       used 71166K, committed 71680K, reserved 1114112K
  class space    used 10460K, committed 10688K, reserved 1048576K
}
Event: 249.342 GC heap before
{Heap before GC invocations=72 (full 2):
 garbage-first heap   total 86016K, used 64644K [0x0000000082a00000, 0x0000000100000000)
  region size 1024K, 36 young (36864K), 3 survivors (3072K)
 Metaspace       used 71293K, committed 71872K, reserved 1114112K
  class space    used 10480K, committed 10752K, reserved 1048576K
}
Event: 249.345 GC heap after
{Heap after GC invocations=73 (full 2):
 garbage-first heap   total 86016K, used 32675K [0x0000000082a00000, 0x0000000100000000)
  region size 1024K, 5 young (5120K), 5 survivors (5120K)
 Metaspace       used 71293K, committed 71872K, reserved 1114112K
  class space    used 10480K, committed 10752K, reserved 1048576K
}
Event: 249.838 GC heap before
{Heap before GC invocations=73 (full 2):
 garbage-first heap   total 86016K, used 65443K [0x0000000082a00000, 0x0000000100000000)
  region size 1024K, 37 young (37888K), 5 survivors (5120K)
 Metaspace       used 71552K, committed 72064K, reserved 1114112K
  class space    used 10501K, committed 10752K, reserved 1048576K
}
Event: 249.841 GC heap after
{Heap after GC invocations=74 (full 2):
 garbage-first heap   total 86016K, used 34337K [0x0000000082a00000, 0x0000000100000000)
  region size 1024K, 4 young (4096K), 4 survivors (4096K)
 Metaspace       used 71552K, committed 72064K, reserved 1114112K
  class space    used 10501K, committed 10752K, reserved 1048576K
}
Event: 249.937 GC heap before
{Heap before GC invocations=75 (full 2):
 garbage-first heap   total 86016K, used 66081K [0x0000000082a00000, 0x0000000100000000)
  region size 1024K, 35 young (35840K), 4 survivors (4096K)
 Metaspace       used 71720K, committed 72256K, reserved 1114112K
  class space    used 10513K, committed 10752K, reserved 1048576K
}
Event: 249.939 GC heap after
{Heap after GC invocations=76 (full 2):
 garbage-first heap   total 86016K, used 35260K [0x0000000082a00000, 0x0000000100000000)
  region size 1024K, 3 young (3072K), 3 survivors (3072K)
 Metaspace       used 71720K, committed 72256K, reserved 1114112K
  class space    used 10513K, committed 10752K, reserved 1048576K
}
Event: 253.365 GC heap before
{Heap before GC invocations=76 (full 2):
 garbage-first heap   total 86016K, used 67004K [0x0000000082a00000, 0x0000000100000000)
  region size 1024K, 34 young (34816K), 3 survivors (3072K)
 Metaspace       used 71780K, committed 72320K, reserved 1114112K
  class space    used 10516K, committed 10752K, reserved 1048576K
}
Event: 253.368 GC heap after
{Heap after GC invocations=77 (full 2):
 garbage-first heap   total 86016K, used 36427K [0x0000000082a00000, 0x0000000100000000)
  region size 1024K, 3 young (3072K), 3 survivors (3072K)
 Metaspace       used 71780K, committed 72320K, reserved 1114112K
  class space    used 10516K, committed 10752K, reserved 1048576K
}
Event: 262.819 GC heap before
{Heap before GC invocations=78 (full 2):
 garbage-first heap   total 86016K, used 52811K [0x0000000082a00000, 0x0000000100000000)
  region size 1024K, 20 young (20480K), 3 survivors (3072K)
 Metaspace       used 71780K, committed 72320K, reserved 1114112K
  class space    used 10516K, committed 10752K, reserved 1048576K
}
Event: 262.870 GC heap after
{Heap after GC invocations=79 (full 3):
 garbage-first heap   total 86016K, used 28937K [0x0000000082a00000, 0x0000000100000000)
  region size 1024K, 0 young (0K), 0 survivors (0K)
 Metaspace       used 71780K, committed 72320K, reserved 1114112K
  class space    used 10516K, committed 10752K, reserved 1048576K
}
Event: 264.065 GC heap before
{Heap before GC invocations=79 (full 3):
 garbage-first heap   total 86016K, used 66825K [0x0000000082a00000, 0x0000000100000000)
  region size 1024K, 37 young (37888K), 0 survivors (0K)
 Metaspace       used 71987K, committed 72576K, reserved 1114112K
  class space    used 10540K, committed 10816K, reserved 1048576K
}
Event: 264.068 GC heap after
{Heap after GC invocations=80 (full 3):
 garbage-first heap   total 86016K, used 32084K [0x0000000082a00000, 0x0000000100000000)
  region size 1024K, 4 young (4096K), 4 survivors (4096K)
 Metaspace       used 71987K, committed 72576K, reserved 1114112K
  class space    used 10540K, committed 10816K, reserved 1048576K
}
Event: 264.862 GC heap before
{Heap before GC invocations=81 (full 3):
 garbage-first heap   total 86016K, used 65876K [0x0000000082a00000, 0x0000000100000000)
  region size 1024K, 37 young (37888K), 4 survivors (4096K)
 Metaspace       used 72183K, committed 72704K, reserved 1114112K
  class space    used 10561K, committed 10816K, reserved 1048576K
}
Event: 264.865 GC heap after
{Heap after GC invocations=82 (full 3):
 garbage-first heap   total 86016K, used 34390K [0x0000000082a00000, 0x0000000100000000)
  region size 1024K, 3 young (3072K), 3 survivors (3072K)
 Metaspace       used 72183K, committed 72704K, reserved 1114112K
  class space    used 10561K, committed 10816K, reserved 1048576K
}

Deoptimization events (16 events):
Event: 2.591 Thread 0x00000287e75dc090 DEOPT PACKING pc=0x00000287dc452699 sp=0x000000e595cfcac0
Event: 2.591 Thread 0x00000287e75dc090 DEOPT UNPACKING pc=0x00000287dbf12b43 sp=0x000000e595cfbfa0 mode 3
Event: 5.733 Thread 0x00000287e75dc090 DEOPT PACKING pc=0x00000287dc71699d sp=0x000000e595cfcb60
Event: 5.733 Thread 0x00000287e75dc090 DEOPT UNPACKING pc=0x00000287dbf12b43 sp=0x000000e595cfc0c8 mode 3
Event: 6.907 Thread 0x00000287e75dc090 DEOPT PACKING pc=0x00000287dc45b681 sp=0x000000e595cfb4d0
Event: 6.907 Thread 0x00000287e75dc090 DEOPT UNPACKING pc=0x00000287dbf12b43 sp=0x000000e595cfa960 mode 3
Event: 6.907 Thread 0x00000287e71c7460 DEOPT PACKING pc=0x00000287dc3e3817 sp=0x000000e5960fedd0
Event: 6.907 Thread 0x00000287e71c7460 DEOPT UNPACKING pc=0x00000287dbf12b43 sp=0x000000e5960fe228 mode 3
Event: 12.837 Thread 0x00000287e75dc090 DEOPT PACKING pc=0x00000287dc47bb24 sp=0x000000e595cfc7d0
Event: 12.837 Thread 0x00000287e75dc090 DEOPT UNPACKING pc=0x00000287dbf12b43 sp=0x000000e595cfbd28 mode 0
Event: 14.316 Thread 0x00000287e75dc090 DEOPT PACKING pc=0x00000287dc4a3322 sp=0x000000e595cf77d0
Event: 14.316 Thread 0x00000287e75dc090 DEOPT UNPACKING pc=0x00000287dbf12b43 sp=0x000000e595cf6cd8 mode 3
Event: 14.317 Thread 0x00000287e75dc090 DEOPT PACKING pc=0x00000287dc48fd95 sp=0x000000e595cf7790
Event: 14.317 Thread 0x00000287e75dc090 DEOPT UNPACKING pc=0x00000287dbf12b43 sp=0x000000e595cf6cd8 mode 3
Event: 249.086 Thread 0x00000287ec079e50 DEOPT PACKING pc=0x00000287dcc65c19 sp=0x000000e593afd130
Event: 249.086 Thread 0x00000287ec079e50 DEOPT UNPACKING pc=0x00000287dbf12b43 sp=0x000000e593afc610 mode 3

Classes unloaded (20 events):
Event: 74.612 Thread 0x00000287e6447a80 Unloading class 0x0000000800d45c00 'java/lang/invoke/LambdaForm$MH+0x0000000800d45c00'
Event: 74.612 Thread 0x00000287e6447a80 Unloading class 0x0000000800d45800 'java/lang/invoke/LambdaForm$MH+0x0000000800d45800'
Event: 74.612 Thread 0x00000287e6447a80 Unloading class 0x0000000800d45400 'java/lang/invoke/LambdaForm$MH+0x0000000800d45400'
Event: 74.612 Thread 0x00000287e6447a80 Unloading class 0x0000000800d45000 'java/lang/invoke/LambdaForm$MH+0x0000000800d45000'
Event: 74.612 Thread 0x00000287e6447a80 Unloading class 0x0000000800d44c00 'java/lang/invoke/LambdaForm$MH+0x0000000800d44c00'
Event: 74.612 Thread 0x00000287e6447a80 Unloading class 0x0000000800d44800 'java/lang/invoke/LambdaForm$MH+0x0000000800d44800'
Event: 74.612 Thread 0x00000287e6447a80 Unloading class 0x0000000800d44400 'java/lang/invoke/LambdaForm$MH+0x0000000800d44400'
Event: 74.612 Thread 0x00000287e6447a80 Unloading class 0x0000000800d44000 'java/lang/invoke/LambdaForm$MH+0x0000000800d44000'
Event: 74.612 Thread 0x00000287e6447a80 Unloading class 0x0000000800c07400 'java/lang/invoke/LambdaForm$MH+0x0000000800c07400'
Event: 74.612 Thread 0x00000287e6447a80 Unloading class 0x0000000800c07000 'java/lang/invoke/LambdaForm$MH+0x0000000800c07000'
Event: 74.612 Thread 0x00000287e6447a80 Unloading class 0x0000000800c06c00 'java/lang/invoke/LambdaForm$MH+0x0000000800c06c00'
Event: 74.612 Thread 0x00000287e6447a80 Unloading class 0x0000000800c06800 'java/lang/invoke/LambdaForm$MH+0x0000000800c06800'
Event: 74.612 Thread 0x00000287e6447a80 Unloading class 0x0000000800c06400 'java/lang/invoke/LambdaForm$MH+0x0000000800c06400'
Event: 74.612 Thread 0x00000287e6447a80 Unloading class 0x0000000800c06000 'java/lang/invoke/LambdaForm$MH+0x0000000800c06000'
Event: 74.612 Thread 0x00000287e6447a80 Unloading class 0x0000000800c03800 'java/lang/invoke/LambdaForm$MH+0x0000000800c03800'
Event: 74.612 Thread 0x00000287e6447a80 Unloading class 0x0000000800c03000 'java/lang/invoke/LambdaForm$MH+0x0000000800c03000'
Event: 74.612 Thread 0x00000287e6447a80 Unloading class 0x0000000800c02800 'java/lang/invoke/LambdaForm$MH+0x0000000800c02800'
Event: 74.612 Thread 0x00000287e6447a80 Unloading class 0x0000000800c02000 'java/lang/invoke/LambdaForm$MH+0x0000000800c02000'
Event: 248.749 Thread 0x00000287e6447a80 Unloading class 0x0000000800c07000 'org/apache/catalina/loader/JdbcLeakPrevention'
Event: 253.392 Thread 0x00000287e6447a80 Unloading class 0x0000000801683c00 'org/apache/catalina/loader/JdbcLeakPrevention'

Classes redefined (0 events):
No events

Internal exceptions (20 events):
Event: 262.809 Thread 0x00000287ec080830 Exception <a 'java/io/IOException'{0x0000000086d9c940}> (0x0000000086d9c940) 
thrown [s\open\src\hotspot\share\prims\jni.cpp, line 516]
Event: 262.810 Thread 0x00000287ec080830 Exception <a 'java/io/IOException'{0x0000000086d9d480}> (0x0000000086d9d480) 
thrown [s\open\src\hotspot\share\prims\jni.cpp, line 516]
Event: 262.811 Thread 0x00000287ec080830 Exception <a 'java/io/IOException'{0x0000000086d9fd08}> (0x0000000086d9fd08) 
thrown [s\open\src\hotspot\share\prims\jni.cpp, line 516]
Event: 262.811 Thread 0x00000287ec080830 Exception <a 'java/io/IOException'{0x0000000086da0848}> (0x0000000086da0848) 
thrown [s\open\src\hotspot\share\prims\jni.cpp, line 516]
Event: 262.812 Thread 0x00000287ec080830 Exception <a 'java/io/IOException'{0x0000000086da58a8}> (0x0000000086da58a8) 
thrown [s\open\src\hotspot\share\prims\jni.cpp, line 516]
Event: 262.812 Thread 0x00000287ec080830 Exception <a 'java/io/IOException'{0x0000000086da63e8}> (0x0000000086da63e8) 
thrown [s\open\src\hotspot\share\prims\jni.cpp, line 516]
Event: 262.813 Thread 0x00000287ec080830 Exception <a 'java/io/IOException'{0x0000000086da9198}> (0x0000000086da9198) 
thrown [s\open\src\hotspot\share\prims\jni.cpp, line 516]
Event: 262.813 Thread 0x00000287ec080830 Exception <a 'java/io/IOException'{0x0000000086dabf48}> (0x0000000086dabf48) 
thrown [s\open\src\hotspot\share\prims\jni.cpp, line 516]
Event: 262.814 Thread 0x00000287ec080830 Exception <a 'java/io/IOException'{0x0000000086daecf8}> (0x0000000086daecf8) 
thrown [s\open\src\hotspot\share\prims\jni.cpp, line 516]
Event: 263.017 Thread 0x00000287ec07f020 Exception <a 'sun/nio/fs/WindowsException'{0x000000008a796668}> (0x000000008a796668) 
thrown [s\open\src\hotspot\share\prims\jni.cpp, line 516]
Event: 263.876 Thread 0x00000287ec07f020 Exception <a 'java/lang/NoClassDefFoundError'{0x00000000861d5660}: org/flywaydb/core/Flyway> (0x00000000861d5660) 
thrown [s\open\src\hotspot\share\oops\constantPool.cpp, line 835]
Event: 263.876 Thread 0x00000287ec07f020 Exception <a 'java/lang/NoClassDefFoundError'{0x00000000861d5cb0}: liquibase/integration/spring/SpringLiquibase> (0x00000000861d5cb0) 
thrown [s\open\src\hotspot\share\oops\constantPool.cpp, line 835]
Event: 263.894 Thread 0x00000287ec07f020 Exception <a 'java/lang/NoClassDefFoundError'{0x0000000086055158}: org/jooq/DSLContext> (0x0000000086055158) 
thrown [s\open\src\hotspot\share\oops\constantPool.cpp, line 835]
Event: 263.896 Thread 0x00000287ec07f020 Exception <a 'java/lang/NoClassDefFoundError'{0x000000008606d6a8}: org/springframework/batch/core/repository/JobRepository> (0x000000008606d6a8) 
thrown [s\open\src\hotspot\share\oops\constantPool.cpp, line 835]
Event: 263.896 Thread 0x00000287ec07f020 Exception <a 'java/lang/NoClassDefFoundError'{0x000000008606dcf0}: org/quartz/Scheduler> (0x000000008606dcf0) 
thrown [s\open\src\hotspot\share\oops\constantPool.cpp, line 835]
Event: 263.896 Thread 0x00000287ec07f020 Exception <a 'java/lang/NoClassDefFoundError'{0x000000008606e360}: org/springframework/session/jdbc/JdbcIndexedSessionRepository> (0x000000008606e360) 
thrown [s\open\src\hotspot\share\oops\constantPool.cpp, line 835]
Event: 264.037 Thread 0x00000287ec07f020 Exception <a 'sun/nio/fs/WindowsException'{0x00000000859388a8}> (0x00000000859388a8) 
thrown [s\open\src\hotspot\share\prims\jni.cpp, line 516]
Event: 264.038 Thread 0x00000287ec07f020 Exception <a 'sun/nio/fs/WindowsException'{0x0000000085938f18}> (0x0000000085938f18) 
thrown [s\open\src\hotspot\share\prims\jni.cpp, line 516]
Event: 264.038 Thread 0x00000287ec07f020 Exception <a 'sun/nio/fs/WindowsException'{0x00000000859395f0}> (0x00000000859395f0) 
thrown [s\open\src\hotspot\share\prims\jni.cpp, line 516]
Event: 264.053 Thread 0x00000287ec07f020 Exception <a 'java/io/FileNotFoundException'{0x00000000859704c0}> (0x00000000859704c0) 
thrown [s\open\src\hotspot\share\prims\jni.cpp, line 516]

VM Operations (20 events):
Event: 251.953 Executing VM operation: Cleanup
Event: 251.953 Executing VM operation: Cleanup done
Event: 253.365 Executing VM operation: G1CollectForAllocation
Event: 253.368 Executing VM operation: G1CollectForAllocation done
Event: 253.392 Executing VM operation: G1Concurrent
Event: 253.401 Executing VM operation: G1Concurrent done
Event: 253.415 Executing VM operation: G1Concurrent
Event: 253.415 Executing VM operation: G1Concurrent done
Event: 262.818 Executing VM operation: G1CollectFull
Event: 262.870 Executing VM operation: G1CollectFull done
Event: 263.881 Executing VM operation: Cleanup
Event: 263.881 Executing VM operation: Cleanup done
Event: 264.065 Executing VM operation: G1CollectForAllocation
Event: 264.068 Executing VM operation: G1CollectForAllocation done
Event: 264.117 Executing VM operation: G1Concurrent
Event: 264.121 Executing VM operation: G1Concurrent done
Event: 264.143 Executing VM operation: G1Concurrent
Event: 264.143 Executing VM operation: G1Concurrent done
Event: 264.861 Executing VM operation: G1CollectForAllocation
Event: 264.865 Executing VM operation: G1CollectForAllocation done

Events (20 events):
Event: 262.798 Thread 0x00000287ec07c000 Thread exited: 0x00000287ec07c000
Event: 262.798 Thread 0x00000287ec07e680 Thread exited: 0x00000287ec07e680
Event: 262.798 Thread 0x00000287ec07a7f0 Thread exited: 0x00000287ec07a7f0
Event: 262.798 Thread 0x00000287ec07dce0 Thread exited: 0x00000287ec07dce0
Event: 262.802 Thread 0x00000287ec080830 Thread added: 0x00000287ec080830
Event: 262.802 Thread 0x00000287ec07e1b0 Thread exited: 0x00000287ec07e1b0
Event: 262.814 Thread 0x00000287ec080830 Thread exited: 0x00000287ec080830
Event: 262.871 Thread 0x00000287ec07e1b0 Thread added: 0x00000287ec07e1b0
Event: 262.910 Thread 0x00000287ec07e1b0 Thread exited: 0x00000287ec07e1b0
Event: 262.910 Thread 0x00000287ec07f020 Thread added: 0x00000287ec07f020
Event: 263.208 Thread 0x00000287ec07f9c0 Thread added: 0x00000287ec07f9c0
Event: 263.258 Thread 0x00000287ec07f9c0 Thread exited: 0x00000287ec07f9c0
Event: 263.637 Thread 0x00000287ec07d340 Thread exited: 0x00000287ec07d340
Event: 263.637 Thread 0x00000287ec07f4f0 Thread exited: 0x00000287ec07f4f0
Event: 264.126 Thread 0x00000287ec080830 Thread added: 0x00000287ec080830
Event: 264.150 Thread 0x00000287ec07f4f0 Thread added: 0x00000287ec07f4f0
Event: 264.150 Thread 0x00000287ec078fe0 Thread added: 0x00000287ec078fe0
Event: 264.150 Thread 0x00000287ec07e680 Thread added: 0x00000287ec07e680
Event: 264.235 Thread 0x00000287ec07f9c0 Thread added: 0x00000287ec07f9c0
Event: 264.249 Thread 0x00000287ec1c0590 Thread added: 0x00000287ec1c0590


Dynamic libraries:
0x00007ff721320000 - 0x00007ff721330000 	C:\Program Files\Java\jdk-17\bin\java.exe
0x00007ff878fb0000 - 0x00007ff8791a8000 	C:\WINDOWS\SYSTEM32\ntdll.dll
0x00007ff878e30000 - 0x00007ff878eef000 	C:\WINDOWS\System32\KERNEL32.DLL
0x00007ff876be0000 - 0x00007ff876ed6000 	C:\WINDOWS\System32\KERNELBASE.dll
0x00007ff8769f0000 - 0x00007ff876af0000 	C:\WINDOWS\System32\ucrtbase.dll
0x00007ff82e520000 - 0x00007ff82e539000 	C:\Program Files\Java\jdk-17\bin\jli.dll
0x00007ff877c10000 - 0x00007ff877cbf000 	C:\WINDOWS\System32\ADVAPI32.dll
0x00007ff877740000 - 0x00007ff8777de000 	C:\WINDOWS\System32\msvcrt.dll
0x00007ff878be0000 - 0x00007ff878c7c000 	C:\WINDOWS\System32\sechost.dll
0x00007ff878c80000 - 0x00007ff878da6000 	C:\WINDOWS\System32\RPCRT4.dll
0x00007ff877910000 - 0x00007ff877aad000 	C:\WINDOWS\System32\USER32.dll
0x00007ff876860000 - 0x00007ff876882000 	C:\WINDOWS\System32\win32u.dll
0x00007ff877010000 - 0x00007ff87703c000 	C:\WINDOWS\System32\GDI32.dll
0x00007ff876740000 - 0x00007ff876855000 	C:\WINDOWS\System32\gdi32full.dll
0x00007ff876b40000 - 0x00007ff876bdd000 	C:\WINDOWS\System32\msvcp_win.dll
0x00007ff82e480000 - 0x00007ff82e49b000 	C:\Program Files\Java\jdk-17\bin\VCRUNTIME140.dll
0x00007ff855990000 - 0x00007ff855c2a000 	C:\WINDOWS\WinSxS\amd64_microsoft.windows.common-controls_6595b64144ccf1df_6.0.19041.1110_none_60b5254171f9507e\COMCTL32.dll
0x00007ff868da0000 - 0x00007ff868daa000 	C:\WINDOWS\SYSTEM32\VERSION.dll
0x00007ff878200000 - 0x00007ff878230000 	C:\WINDOWS\System32\IMM32.DLL
0x00007ff842ae0000 - 0x00007ff842aec000 	C:\Program Files\Java\jdk-17\bin\vcruntime140_1.dll
0x00007ff82b960000 - 0x00007ff82b9ee000 	C:\Program Files\Java\jdk-17\bin\msvcp140.dll
0x00007ff824550000 - 0x00007ff82512d000 	C:\Program Files\Java\jdk-17\bin\server\jvm.dll
0x00007ff8771f0000 - 0x00007ff8771f8000 	C:\WINDOWS\System32\PSAPI.DLL
0x00007ff861510000 - 0x00007ff861519000 	C:\WINDOWS\SYSTEM32\WSOCK32.dll
0x00007ff878190000 - 0x00007ff8781fb000 	C:\WINDOWS\System32\WS2_32.dll
0x00007ff869440000 - 0x00007ff869467000 	C:\WINDOWS\SYSTEM32\WINMM.dll
0x00007ff874520000 - 0x00007ff874532000 	C:\WINDOWS\SYSTEM32\kernel.appcore.dll
0x00007ff842aa0000 - 0x00007ff842aaa000 	C:\Program Files\Java\jdk-17\bin\jimage.dll
0x00007ff872290000 - 0x00007ff872474000 	C:\WINDOWS\SYSTEM32\DBGHELP.DLL
0x00007ff869510000 - 0x00007ff869544000 	C:\WINDOWS\SYSTEM32\dbgcore.DLL
0x00007ff876ee0000 - 0x00007ff876f62000 	C:\WINDOWS\System32\bcryptPrimitives.dll
0x00007ff8721b0000 - 0x00007ff8721be000 	C:\Program Files\Java\jdk-17\bin\instrument.dll
0x00007ff82e3f0000 - 0x00007ff82e415000 	C:\Program Files\Java\jdk-17\bin\java.dll
0x00007ff82b3f0000 - 0x00007ff82b4c7000 	C:\Program Files\Java\jdk-17\bin\jsvml.dll
0x00007ff878360000 - 0x00007ff878aa4000 	C:\WINDOWS\System32\SHELL32.dll
0x00007ff874740000 - 0x00007ff874ed4000 	C:\WINDOWS\SYSTEM32\windows.storage.dll
0x00007ff877370000 - 0x00007ff8776c4000 	C:\WINDOWS\System32\combase.dll
0x00007ff8760d0000 - 0x00007ff8760fe000 	C:\WINDOWS\SYSTEM32\Wldp.dll
0x00007ff877ab0000 - 0x00007ff877b5d000 	C:\WINDOWS\System32\SHCORE.dll
0x00007ff878130000 - 0x00007ff878185000 	C:\WINDOWS\System32\shlwapi.dll
0x00007ff8765c0000 - 0x00007ff8765e5000 	C:\WINDOWS\SYSTEM32\profapi.dll
0x00007ff82e3b0000 - 0x00007ff82e3c8000 	C:\Program Files\Java\jdk-17\bin\zip.dll
0x00007ff82e460000 - 0x00007ff82e479000 	C:\Program Files\Java\jdk-17\bin\net.dll
0x00007ff871940000 - 0x00007ff871a4a000 	C:\WINDOWS\SYSTEM32\WINHTTP.dll
0x00007ff875e30000 - 0x00007ff875e9a000 	C:\WINDOWS\system32\mswsock.dll
0x00007ff82e3d0000 - 0x00007ff82e3e6000 	C:\Program Files\Java\jdk-17\bin\nio.dll
0x00007ff872160000 - 0x00007ff87217a000 	C:\Program Files\JetBrains\IntelliJ IDEA 2023.1.3\bin\breakgen64.dll
0x00007ff875b20000 - 0x00007ff875bea000 	C:\WINDOWS\SYSTEM32\DNSAPI.dll
0x00007ff875ad0000 - 0x00007ff875b0c000 	C:\WINDOWS\SYSTEM32\IPHLPAPI.DLL
0x00007ff877730000 - 0x00007ff877738000 	C:\WINDOWS\System32\NSI.dll
0x00007ff86aed0000 - 0x00007ff86aeda000 	C:\Windows\System32\rasadhlp.dll
0x00007ff869b70000 - 0x00007ff869bf2000 	C:\WINDOWS\System32\fwpuclnt.dll
0x00007ff876fe0000 - 0x00007ff877007000 	C:\WINDOWS\System32\bcrypt.dll
0x00007ff8721a0000 - 0x00007ff8721aa000 	C:\Program Files\Java\jdk-17\bin\management.dll
0x00007ff872150000 - 0x00007ff87215b000 	C:\Program Files\Java\jdk-17\bin\management_ext.dll
0x00007ff876020000 - 0x00007ff876038000 	C:\WINDOWS\SYSTEM32\CRYPTSP.dll
0x00007ff8756e0000 - 0x00007ff875714000 	C:\WINDOWS\system32\rsaenh.dll
0x00007ff876580000 - 0x00007ff8765ae000 	C:\WINDOWS\SYSTEM32\USERENV.dll
0x00007ff876040000 - 0x00007ff87604c000 	C:\WINDOWS\SYSTEM32\CRYPTBASE.dll
0x00007ff86e0c0000 - 0x00007ff86e0d7000 	C:\WINDOWS\SYSTEM32\dhcpcsvc6.DLL
0x00007ff86e480000 - 0x00007ff86e49d000 	C:\WINDOWS\SYSTEM32\dhcpcsvc.DLL
0x00007ff84ea20000 - 0x00007ff84ea37000 	C:\WINDOWS\system32\napinsp.dll
0x00007ff84ea00000 - 0x00007ff84ea1b000 	C:\WINDOWS\system32\pnrpnsp.dll
0x00007ff84e9e0000 - 0x00007ff84e9f5000 	C:\WINDOWS\system32\wshbth.dll
0x00007ff872050000 - 0x00007ff87206d000 	C:\WINDOWS\system32\NLAapi.dll
0x00007ff84e9c0000 - 0x00007ff84e9d2000 	C:\WINDOWS\System32\winrnr.dll
0x00007ff838c60000 - 0x00007ff838c6d000 	C:\Program Files\Java\jdk-17\bin\sunmscapi.dll
0x00007ff876890000 - 0x00007ff8769ee000 	C:\WINDOWS\System32\CRYPT32.dll
0x00007ff876140000 - 0x00007ff876168000 	C:\WINDOWS\SYSTEM32\ncrypt.dll
0x00007ff876100000 - 0x00007ff87613b000 	C:\WINDOWS\SYSTEM32\NTASN1.dll
0x00007ff840330000 - 0x00007ff840340000 	C:\Program Files\Java\jdk-17\bin\verify.dll
0x00007ff827d80000 - 0x00007ff827d87000 	C:\WINDOWS\system32\wshunix.dll

dbghelp: loaded successfully - version: 4.0.5 - missing functions: none
symbol engine: initialized successfully - sym options: 0x614 - pdb path: .;C:\Program Files\Java\jdk-17\bin;C:\WINDOWS\SYSTEM32;C:\WINDOWS\WinSxS\amd64_microsoft.windows.common-controls_6595b64144ccf1df_6.0.19041.1110_none_60b5254171f9507e;C:\Program Files\Java\jdk-17\bin\server;C:\Program Files\JetBrains\IntelliJ IDEA 2023.1.3\bin

VM Arguments:
jvm_args: -XX:TieredStopAtLevel=1 -Dspring.output.ansi.enabled=always -Dcom.sun.management.jmxremote -Dspring.jmx.enabled=true -Dspring.liveBeansView.mbeanDomain -Dspring.application.admin.enabled=true -Dmanagement.endpoints.jmx.exposure.include=* -javaagent:C:\Program Files\JetBrains\IntelliJ IDEA 2023.1.3\lib\idea_rt.jar=58480:C:\Program Files\JetBrains\IntelliJ IDEA 2023.1.3\bin -Dfile.encoding=UTF-8 
java_command: com.example.bodethi.BodethiApplication
java_class_path (initial): C:\Users\thanh\Documents\bodethi\target\classes;C:\Users\thanh\.m2\repository\org\springframework\boot\spring-boot-starter-thymeleaf\3.1.0\spring-boot-starter-thymeleaf-3.1.0.jar;C:\Users\thanh\.m2\repository\org\springframework\boot\spring-boot-starter\3.1.0\spring-boot-starter-3.1.0.jar;C:\Users\thanh\.m2\repository\org\springframework\boot\spring-boot-starter-logging\3.1.0\spring-boot-starter-logging-3.1.0.jar;C:\Users\thanh\.m2\repository\ch\qos\logback\logback-classic\1.4.7\logback-classic-1.4.7.jar;C:\Users\thanh\.m2\repository\ch\qos\logback\logback-core\1.4.7\logback-core-1.4.7.jar;C:\Users\thanh\.m2\repository\org\apache\logging\log4j\log4j-to-slf4j\2.20.0\log4j-to-slf4j-2.20.0.jar;C:\Users\thanh\.m2\repository\org\apache\logging\log4j\log4j-api\2.20.0\log4j-api-2.20.0.jar;C:\Users\thanh\.m2\repository\org\slf4j\jul-to-slf4j\2.0.7\jul-to-slf4j-2.0.7.jar;C:\Users\thanh\.m2\repository\jakarta\annotation\jakarta.annotation-api\2.1.1\jakarta.annotation-api-2.1.1.jar;C:\Users\thanh\.m2\repository\org\yaml\snakeyaml\1.33\snakeyaml-1.33.jar;C:\Users\thanh\.m2\repository\org\thymeleaf\thymeleaf-spring6\3.1.1.RELEASE\thymeleaf-spring6-3.1.1.RELEASE.jar;C:\Users\thanh\.m2\repository\org\thymeleaf\thymeleaf\3.1.1.RELEASE\thymeleaf-3.1.1.RELEASE.jar;C:\Users\thanh\.m2\repository\org\attoparser\attoparser\2.0.6.RELEASE\attoparser-2.0.6.RELEASE.jar;C:\Users\thanh\.m2\repository\org\unbescape\unbescape\1.1.6.RELEASE\unbescape-1.1.6.RELEASE.jar;C:\Users\thanh\.m2\repository\org\slf4j\slf4j-api\2.0.7\slf4j-api-2.0.7.jar;C:\Users\thanh\.m2\repository\org\springframework\boot\spring-boot-starter-web\3.1.0\spring-boot-starter-web-3.1.0.jar;C:\Users\thanh\.m2\repository\org\springframework\boot\spring-boot-starter-json\3.1.0\spring-boot-starter-json-3.1.0.jar;C:\Users\thanh\.m2\repository\com\fasterxml\jackson\core\jackson-databind\2.15.0\jackson-databind-2.15.0.jar;C:\Users\thanh\.m2\repository\com\fasterxml\jackson\core\jackson-annotations\2.15.0\
Launcher Type: SUN_STANDARD

[Global flags]
     intx CICompilerCount                          = 4                                         {product} {ergonomic}
     uint ConcGCThreads                            = 2                                         {product} {ergonomic}
     uint G1ConcRefinementThreads                  = 8                                         {product} {ergonomic}
   size_t G1HeapRegionSize                         = 1048576                                   {product} {ergonomic}
    uintx GCDrainStackTargetSize                   = 64                                        {product} {ergonomic}
   size_t InitialHeapSize                          = 132120576                                 {product} {ergonomic}
     bool ManagementServer                         = true                                      {product} {command line}
   size_t MarkStackSize                            = 4194304                                   {product} {ergonomic}
   size_t MaxHeapSize                              = 2103443456                                {product} {ergonomic}
   size_t MaxNewSize                               = 1261436928                                {product} {ergonomic}
   size_t MinHeapDeltaBytes                        = 1048576                                   {product} {ergonomic}
   size_t MinHeapSize                              = 8388608                                   {product} {ergonomic}
    uintx NonProfiledCodeHeapSize                  = 0                                      {pd product} {ergonomic}
     bool ProfileInterpreter                       = false                                  {pd product} {command line}
    uintx ProfiledCodeHeapSize                     = 0                                      {pd product} {ergonomic}
   size_t SoftMaxHeapSize                          = 2103443456                             {manageable} {ergonomic}
     intx TieredStopAtLevel                        = 1                                         {product} {command line}
     bool UseCompressedClassPointers               = true                           {product lp64_product} {ergonomic}
     bool UseCompressedOops                        = true                           {product lp64_product} {ergonomic}
     bool UseG1GC                                  = true                                      {product} {ergonomic}
     bool UseLargePagesIndividualAllocation        = false                                  {pd product} {ergonomic}

Logging:
Log output configuration:
 #0: stdout all=warning uptime,level,tags
 #1: stderr all=off uptime,level,tags

Environment Variables:
JAVA_HOME=C:\Program Files\Java\jdk-17
PATH=C:\Program Files\Common Files\Oracle\Java\javapath;C:\Program Files (x86)\Common Files\Oracle\Java\javapath;C:\Program Files\Microsoft MPI\Bin\;C:\WINDOWS\system32;C:\WINDOWS;C:\WINDOWS\System32\Wbem;C:\WINDOWS\System32\WindowsPowerShell\v1.0\;C:\WINDOWS\System32\OpenSSH\;C:\Program Files\Microsoft VS Code\bin;C:\Program Files\Git\cmd;C:\Program Files\nodejs\;C:\Program Files\Azure Data Studio\bin;C:\Program Files (x86)\Microsoft SQL Server\160\Tools\Binn\;C:\Program Files\Microsoft SQL Server\160\Tools\Binn\;C:\Program Files\Microsoft SQL Server\Client SDK\ODBC\170\Tools\Binn\;C:\Program Files\Microsoft SQL Server\160\DTS\Binn\;C:\Program Files (x86)\Microsoft SQL Server\160\DTS\Binn\;C:\Program Files\Java\jdk-17\bin;C:\Program Files\dotnet\;C:\Program Files\NVIDIA Corporation\NVIDIA NvDLISR;C:\Program Files (x86)\NVIDIA Corporation\PhysX\Common;C:\Users\thanh\AppData\Local\Microsoft\WindowsApps;C:\Users\thanh\AppData\Roaming\npm;C:\Program Files\Azure Data Studio\bin
USERNAME=thanh
OS=Windows_NT
PROCESSOR_IDENTIFIER=Intel64 Family 6 Model 158 Stepping 10, GenuineIntel



---------------  S Y S T E M  ---------------

OS:
 Windows 10 , 64 bit Build 19041 (10.0.19041.3155)
OS uptime: 0 days 2:13 hours

CPU: total 8 (initial active 8) (4 cores per cpu, 2 threads per core) family 6 model 158 stepping 10 microcode 0xf0, cx8, cmov, fxsr, ht, mmx, 3dnowpref, sse, sse2, sse3, ssse3, sse4.1, sse4.2, popcnt, lzcnt, tsc, tscinvbit, avx, avx2, aes, erms, clmul, bmi1, bmi2, adx, fma, vzeroupper, clflush, clflushopt

Memory: 4k page, system-wide physical 8021M (537M free)
TotalPageFile size 16213M (AvailPageFile size 225M)
current process WorkingSet (physical memory assigned to process): 245M, peak: 245M
current process commit charge ("private bytes"): 290M, peak: 302M

vm_info: Java HotSpot(TM) 64-Bit Server VM (17.0.7+8-LTS-224) for windows-amd64 JRE (17.0.7+8-LTS-224), built on Feb 28 2023 23:03:02 by "mach5one" with MS VC++ 17.1 (VS2022)

END.
