#
# There is insufficient memory for the Java Runtime Environment to continue.
# Native memory allocation (malloc) failed to allocate 1048576 bytes for AllocateHeap
# Possible reasons:
#   The system is out of physical RAM or swap space
#   The process is running with CompressedOops enabled, and the Java Heap may be blocking the growth of the native heap
# Possible solutions:
#   Reduce memory load on the system
#   Increase physical memory or swap space
#   Check if swap backing store is full
#   Decrease Java heap size (-Xmx/-Xms)
#   Decrease number of Java threads
#   Decrease Java thread stack sizes (-Xss)
#   Set larger code cache with -XX:ReservedCodeCacheSize=
#   JVM is running with Unscaled Compressed Oops mode in which the Java heap is
#     placed in the first 4GB address space. The Java Heap base address is the
#     maximum limit for the native heap growth. Please use -XX:HeapBaseMinAddress
#     to set the Java Heap base and to place the Java Heap above 4GB virtual address.
# This output file may be truncated or incomplete.
#
#  Out of Memory Error (allocation.cpp:44), pid=5484, tid=2280
#
# JRE version: Java(TM) SE Runtime Environment (17.0.7+8) (build 17.0.7+8-LTS-224)
# Java VM: Java HotSpot(TM) 64-Bit Server VM (17.0.7+8-LTS-224, mixed mode, emulated-client, sharing, tiered, compressed oops, compressed class ptrs, g1 gc, windows-amd64)
# No core dump will be written. Minidumps are not enabled by default on client versions of Windows
#

---------------  S U M M A R Y ------------

Command Line: -XX:TieredStopAtLevel=1 -Dspring.output.ansi.enabled=always -Dcom.sun.management.jmxremote -Dspring.jmx.enabled=true -Dspring.liveBeansView.mbeanDomain -Dspring.application.admin.enabled=true -Dmanagement.endpoints.jmx.exposure.include=* -javaagent:C:\Program Files\JetBrains\IntelliJ IDEA 2023.1.3\lib\idea_rt.jar=57240:C:\Program Files\JetBrains\IntelliJ IDEA 2023.1.3\bin -Dfile.encoding=UTF-8 com.example.bodethi.BodethiApplication

Host: Intel(R) Core(TM) i5-9300H CPU @ 2.40GHz, 8 cores, 7G,  Windows 10 , 64 bit Build 19041 (10.0.19041.3155)
Time: Fri Jul 14 10:53:59 2023 SE Asia Standard Time elapsed time: 83.393579 seconds (0d 0h 1m 23s)

---------------  T H R E A D  ---------------

Current thread (0x000001c3b7fcc0f0):  VMThread "VM Thread" [stack: 0x0000009657e00000,0x0000009657f00000] [id=2280]

Stack: [0x0000009657e00000,0x0000009657f00000]
Native frames: (J=compiled Java code, j=interpreted, Vv=VM code, C=native code)
V  [jvm.dll+0x676a4a]
V  [jvm.dll+0x7d74f4]
V  [jvm.dll+0x7d8c9e]
V  [jvm.dll+0x7d9303]
V  [jvm.dll+0x2452c5]
V  [jvm.dll+0xa50a3]
V  [jvm.dll+0x2f3d33]
V  [jvm.dll+0x2efc90]
V  [jvm.dll+0x2d8267]
V  [jvm.dll+0x31abb7]
V  [jvm.dll+0x7ddb0b]
V  [jvm.dll+0x7de844]
V  [jvm.dll+0x7ded5d]
V  [jvm.dll+0x7df134]
V  [jvm.dll+0x7df200]
V  [jvm.dll+0x78759a]
V  [jvm.dll+0x675875]
C  [ucrtbase.dll+0x21bb2]
C  [KERNEL32.DLL+0x17614]
C  [ntdll.dll+0x526b1]

VM_Operation (0x00000096575ff240): G1CollectFull, mode: safepoint, requested by thread 0x000001c3bd979590


---------------  P R O C E S S  ---------------

Threads class SMR info:
_java_thread_list=0x000001c3bd944e30, length=19, elements={
0x000001c3b7fd0cf0, 0x000001c3b7fd1b60, 0x000001c3b7fe3570, 0x000001c3b7fe42f0,
0x000001c3b7fe80c0, 0x000001c3b7fe8a70, 0x000001c3b7fe9420, 0x000001c3b7fe9e10,
0x000001c3b8c76310, 0x000001c3b8ff8870, 0x000001c3b8ffa2b0, 0x000001c3b92140e0,
0x000001c3b950d4c0, 0x000001c3b9565680, 0x000001c3baaf7f50, 0x000001c3baaf6270,
0x000001c3baaf6740, 0x000001c3bd974d60, 0x000001c3bd979590
}

Java Threads: ( => current thread )
  0x000001c3b7fd0cf0 JavaThread "Reference Handler" daemon [_thread_blocked, id=13036, stack(0x0000009657f00000,0x0000009658000000)]
  0x000001c3b7fd1b60 JavaThread "Finalizer" daemon [_thread_blocked, id=32, stack(0x0000009658000000,0x0000009658100000)]
  0x000001c3b7fe3570 JavaThread "Signal Dispatcher" daemon [_thread_blocked, id=16272, stack(0x0000009658100000,0x0000009658200000)]
  0x000001c3b7fe42f0 JavaThread "Attach Listener" daemon [_thread_blocked, id=14368, stack(0x0000009658200000,0x0000009658300000)]
  0x000001c3b7fe80c0 JavaThread "Service Thread" daemon [_thread_blocked, id=17188, stack(0x0000009658300000,0x0000009658400000)]
  0x000001c3b7fe8a70 JavaThread "Monitor Deflation Thread" daemon [_thread_blocked, id=21356, stack(0x0000009658400000,0x0000009658500000)]
  0x000001c3b7fe9420 JavaThread "C1 CompilerThread0" daemon [_thread_blocked, id=14752, stack(0x0000009658500000,0x0000009658600000)]
  0x000001c3b7fe9e10 JavaThread "Sweeper thread" daemon [_thread_blocked, id=13264, stack(0x0000009658600000,0x0000009658700000)]
  0x000001c3b8c76310 JavaThread "Common-Cleaner" daemon [_thread_blocked, id=3288, stack(0x0000009658700000,0x0000009658800000)]
  0x000001c3b8ff8870 JavaThread "Monitor Ctrl-Break" daemon [_thread_in_native, id=15596, stack(0x0000009658a00000,0x0000009658b00000)]
  0x000001c3b8ffa2b0 JavaThread "Notification Thread" daemon [_thread_blocked, id=10528, stack(0x0000009658b00000,0x0000009658c00000)]
  0x000001c3b92140e0 JavaThread "RMI TCP Accept-0" daemon [_thread_in_native, id=17168, stack(0x0000009658c00000,0x0000009658d00000)]
  0x000001c3b950d4c0 JavaThread "RMI TCP Connection(idle)" daemon [_thread_blocked, id=8004, stack(0x0000009658e00000,0x0000009658f00000)]
  0x000001c3b9565680 JavaThread "RMI Scheduler(0)" daemon [_thread_blocked, id=9160, stack(0x0000009658f00000,0x0000009659000000)]
  0x000001c3baaf7f50 JavaThread "RMI TCP Connection(idle)" daemon [_thread_blocked, id=10180, stack(0x0000009659c00000,0x0000009659d00000)]
  0x000001c3baaf6270 JavaThread "mysql-cj-abandoned-connection-cleanup" daemon [_thread_blocked, id=6428, stack(0x0000009659d00000,0x0000009659e00000)]
  0x000001c3baaf6740 JavaThread "Live Reload Server" daemon [_thread_in_native, id=9096, stack(0x000000965a600000,0x000000965a700000)]
  0x000001c3bd974d60 JavaThread "DestroyJavaVM" [_thread_blocked, id=18876, stack(0x0000009657800000,0x0000009657900000)]
  0x000001c3bd979590 JavaThread "Thread-7" [_thread_blocked, id=16748, stack(0x0000009657500000,0x0000009657600000)]

Other Threads:
=>0x000001c3b7fcc0f0 VMThread "VM Thread" [stack: 0x0000009657e00000,0x0000009657f00000] [id=2280]
  0x000001c3a61a00b0 WatcherThread [stack: 0x0000009658d00000,0x0000009658e00000] [id=18616]
  0x000001c3a6187730 GCTaskThread "GC Thread#0" [stack: 0x0000009657900000,0x0000009657a00000] [id=11596]
  0x000001c3b95acd20 GCTaskThread "GC Thread#1" [stack: 0x0000009659000000,0x0000009659100000] [id=17580]
  0x000001c3b95b8d60 GCTaskThread "GC Thread#2" [stack: 0x0000009659100000,0x0000009659200000] [id=2612]
  0x000001c3b95dc840 GCTaskThread "GC Thread#3" [stack: 0x0000009659200000,0x0000009659300000] [id=16120]
  0x000001c3b95dcaf0 GCTaskThread "GC Thread#4" [stack: 0x0000009659300000,0x0000009659400000] [id=17576]
  0x000001c3b95dcda0 GCTaskThread "GC Thread#5" [stack: 0x0000009659400000,0x0000009659500000] [id=18188]
  0x000001c3b95dd050 GCTaskThread "GC Thread#6" [stack: 0x0000009659500000,0x0000009659600000] [id=8148]
  0x000001c3b95e1310 GCTaskThread "GC Thread#7" [stack: 0x0000009659600000,0x0000009659700000] [id=16712]
  0x000001c3a6199140 ConcurrentGCThread "G1 Main Marker" [stack: 0x0000009657a00000,0x0000009657b00000] [id=7848]
  0x000001c3a619a2f0 ConcurrentGCThread "G1 Conc#0" [stack: 0x0000009657b00000,0x0000009657c00000] [id=2896]
  0x000001c3ba80cd90 ConcurrentGCThread "G1 Conc#1" [stack: 0x0000009659a00000,0x0000009659b00000] [id=752]
  0x000001c3a61fd2b0 ConcurrentGCThread "G1 Refine#0" [stack: 0x0000009657c00000,0x0000009657d00000] [id=12832]
  0x000001c3b8e11320 ConcurrentGCThread "G1 Refine#1" [stack: 0x0000009659700000,0x0000009659800000] [id=5932]
  0x000001c3a61fdcd0 ConcurrentGCThread "G1 Service" [stack: 0x0000009657d00000,0x0000009657e00000] [id=8000]

Threads with active compile tasks:
C1 CompilerThread0    83437 10253       1       java.util.concurrent.CopyOnWriteArrayList::remove (34 bytes)

VM state: at safepoint (normal execution)

VM Mutex/Monitor currently owned by a thread:  ([mutex/lock_event])
[0x000001c3a6128ff0] Threads_lock - owner thread: 0x000001c3b7fcc0f0
[0x000001c3a61292c0] Heap_lock - owner thread: 0x000001c3bd979590

Heap address: 0x0000000082a00000, size: 2006 MB, Compressed Oops mode: 32-bit

CDS archive(s) mapped at: [0x0000000800000000-0x0000000800bd0000-0x0000000800bd0000), size 12386304, SharedBaseAddress: 0x0000000800000000, ArchiveRelocationMode: 0.
Compressed class space mapped at: 0x0000000800c00000-0x0000000840c00000, reserved size: 1073741824
Narrow klass base: 0x0000000800000000, Narrow klass shift: 0, Narrow klass range: 0x100000000

GC Precious Log:
 CPUs: 8 total, 8 available
 Memory: 8021M
 Large Page Support: Disabled
 NUMA Support: Disabled
 Compressed Oops: Enabled (32-bit)
 Heap Region Size: 1M
 Heap Min Capacity: 8M
 Heap Initial Capacity: 126M
 Heap Max Capacity: 2006M
 Pre-touch: Disabled
 Parallel Workers: 8
 Concurrent Workers: 2
 Concurrent Refinement Workers: 8
 Periodic GC: Disabled

Heap:
 garbage-first heap   total 86016K, used 54147K [0x0000000082a00000, 0x0000000100000000)
  region size 1024K, 17 young (17408K), 4 survivors (4096K)
 Metaspace       used 77667K, committed 78272K, reserved 1122304K
  class space    used 11373K, committed 11712K, reserved 1048576K

Heap Regions: E=young(eden), S=young(survivor), O=old, HS=humongous(starts), HC=humongous(continues), CS=collection set, F=free, OA=open archive, CA=closed archive, TAMS=top-at-mark-start (previous, next)
|   0|0x0000000082a00000, 0x0000000082b00000, 0x0000000082b00000|100%|HS|  |TAMS 0x0000000082b00000, 0x0000000082a00000| Complete 
|   1|0x0000000082b00000, 0x0000000082c00000, 0x0000000082c00000|100%| O|  |TAMS 0x0000000082c00000, 0x0000000082b00000| Untracked 
|   2|0x0000000082c00000, 0x0000000082cfffc0, 0x0000000082d00000| 99%| O|  |TAMS 0x0000000082cfffc0, 0x0000000082c00000| Untracked 
|   3|0x0000000082d00000, 0x0000000082dfffe8, 0x0000000082e00000| 99%| O|  |TAMS 0x0000000082dfffe8, 0x0000000082d00000| Untracked 
|   4|0x0000000082e00000, 0x0000000082effff8, 0x0000000082f00000| 99%| O|  |TAMS 0x0000000082effff8, 0x0000000082e00000| Untracked 
|   5|0x0000000082f00000, 0x0000000082ffffe8, 0x0000000083000000| 99%| O|  |TAMS 0x0000000082ffffe8, 0x0000000082f00000| Untracked 
|   6|0x0000000083000000, 0x0000000083100000, 0x0000000083100000|100%| O|  |TAMS 0x0000000083100000, 0x0000000083000000| Untracked 
|   7|0x0000000083100000, 0x00000000831fffc0, 0x0000000083200000| 99%| O|  |TAMS 0x00000000831fffc0, 0x0000000083100000| Untracked 
|   8|0x0000000083200000, 0x00000000832fffd0, 0x0000000083300000| 99%| O|  |TAMS 0x00000000832fffd0, 0x0000000083200000| Untracked 
|   9|0x0000000083300000, 0x00000000833ffff0, 0x0000000083400000| 99%| O|  |TAMS 0x00000000833ffff0, 0x0000000083300000| Untracked 
|  10|0x0000000083400000, 0x00000000834fffc0, 0x0000000083500000| 99%| O|  |TAMS 0x00000000834fffc0, 0x0000000083400000| Untracked 
|  11|0x0000000083500000, 0x00000000835ffe70, 0x0000000083600000| 99%| O|  |TAMS 0x00000000835ffe70, 0x0000000083500000| Untracked 
|  12|0x0000000083600000, 0x00000000836fffb8, 0x0000000083700000| 99%| O|  |TAMS 0x00000000836fffb8, 0x0000000083600000| Untracked 
|  13|0x0000000083700000, 0x00000000837ffff8, 0x0000000083800000| 99%| O|  |TAMS 0x00000000837ffff8, 0x0000000083700000| Untracked 
|  14|0x0000000083800000, 0x0000000083900000, 0x0000000083900000|100%| O|  |TAMS 0x0000000083900000, 0x0000000083800000| Untracked 
|  15|0x0000000083900000, 0x0000000083a00000, 0x0000000083a00000|100%| O|  |TAMS 0x0000000083a00000, 0x0000000083900000| Untracked 
|  16|0x0000000083a00000, 0x0000000083affff8, 0x0000000083b00000| 99%| O|  |TAMS 0x0000000083affff8, 0x0000000083a00000| Untracked 
|  17|0x0000000083b00000, 0x0000000083bfffd0, 0x0000000083c00000| 99%| O|  |TAMS 0x0000000083bfffd0, 0x0000000083b00000| Untracked 
|  18|0x0000000083c00000, 0x0000000083cfffb0, 0x0000000083d00000| 99%| O|  |TAMS 0x0000000083cfffb0, 0x0000000083c00000| Untracked 
|  19|0x0000000083d00000, 0x0000000083dffff0, 0x0000000083e00000| 99%| O|  |TAMS 0x0000000083dffff0, 0x0000000083d00000| Untracked 
|  20|0x0000000083e00000, 0x0000000083f00000, 0x0000000083f00000|100%| O|  |TAMS 0x0000000083f00000, 0x0000000083e00000| Untracked 
|  21|0x0000000083f00000, 0x0000000083ffffb8, 0x0000000084000000| 99%| O|  |TAMS 0x0000000083ffffb8, 0x0000000083f00000| Untracked 
|  22|0x0000000084000000, 0x0000000084100000, 0x0000000084100000|100%| O|  |TAMS 0x0000000084100000, 0x0000000084000000| Untracked 
|  23|0x0000000084100000, 0x00000000841ffff8, 0x0000000084200000| 99%| O|  |TAMS 0x00000000841ffff8, 0x0000000084100000| Untracked 
|  24|0x0000000084200000, 0x00000000842ffff8, 0x0000000084300000| 99%| O|  |TAMS 0x00000000842ffff8, 0x0000000084200000| Untracked 
|  25|0x0000000084300000, 0x0000000084400000, 0x0000000084400000|100%| O|  |TAMS 0x0000000084400000, 0x0000000084300000| Untracked 
|  26|0x0000000084400000, 0x0000000084455868, 0x0000000084500000| 33%| O|  |TAMS 0x0000000084455868, 0x0000000084400000| Untracked 
|  27|0x0000000084500000, 0x0000000084600000, 0x0000000084600000|100%| O|  |TAMS 0x0000000084600000, 0x0000000084500000| Untracked 
|  28|0x0000000084600000, 0x0000000084700000, 0x0000000084700000|100%| O|  |TAMS 0x0000000084700000, 0x0000000084600000| Untracked 
|  29|0x0000000084700000, 0x00000000847dfb10, 0x0000000084800000| 87%| O|  |TAMS 0x00000000847dfb10, 0x0000000084700000| Untracked 
|  30|0x0000000084800000, 0x00000000848ff8e0, 0x0000000084900000| 99%| O|  |TAMS 0x00000000848ff8e0, 0x0000000084800000| Untracked 
|  31|0x0000000084900000, 0x00000000849d8bd0, 0x0000000084a00000| 84%| O|  |TAMS 0x00000000849d8bd0, 0x0000000084900000| Untracked 
|  32|0x0000000084a00000, 0x0000000084ad1840, 0x0000000084b00000| 81%| O|  |TAMS 0x0000000084ad1840, 0x0000000084a00000| Untracked 
|  33|0x0000000084b00000, 0x0000000084b4b8a8, 0x0000000084c00000| 29%| O|  |TAMS 0x0000000084b4b8a8, 0x0000000084b00000| Untracked 
|  34|0x0000000084c00000, 0x0000000084d00000, 0x0000000084d00000|100%| O|  |TAMS 0x0000000084d00000, 0x0000000084c00000| Untracked 
|  35|0x0000000084d00000, 0x0000000084e00000, 0x0000000084e00000|100%| O|  |TAMS 0x0000000084e00000, 0x0000000084d00000| Untracked 
|  36|0x0000000084e00000, 0x0000000084f00000, 0x0000000084f00000|100%| O|  |TAMS 0x0000000084f00000, 0x0000000084e00000| Untracked 
|  37|0x0000000084f00000, 0x0000000085000000, 0x0000000085000000|100%| O|  |TAMS 0x0000000085000000, 0x0000000084f00000| Untracked 
|  38|0x0000000085000000, 0x00000000850d6e00, 0x0000000085100000| 83%| O|  |TAMS 0x00000000850d6e00, 0x0000000085000000| Untracked 
|  39|0x0000000085100000, 0x0000000085100000, 0x0000000085200000|  0%| F|  |TAMS 0x0000000085100000, 0x0000000085100000| Untracked 
|  40|0x0000000085200000, 0x0000000085200000, 0x0000000085300000|  0%| F|  |TAMS 0x0000000085200000, 0x0000000085200000| Untracked 
|  41|0x0000000085300000, 0x0000000085300000, 0x0000000085400000|  0%| F|  |TAMS 0x0000000085300000, 0x0000000085300000| Untracked 
|  42|0x0000000085400000, 0x0000000085400000, 0x0000000085500000|  0%| F|  |TAMS 0x0000000085400000, 0x0000000085400000| Untracked 
|  43|0x0000000085500000, 0x0000000085500000, 0x0000000085600000|  0%| F|  |TAMS 0x0000000085500000, 0x0000000085500000| Untracked 
|  44|0x0000000085600000, 0x0000000085600000, 0x0000000085700000|  0%| F|  |TAMS 0x0000000085600000, 0x0000000085600000| Untracked 
|  45|0x0000000085700000, 0x0000000085700000, 0x0000000085800000|  0%| F|  |TAMS 0x0000000085700000, 0x0000000085700000| Untracked 
|  46|0x0000000085800000, 0x0000000085800000, 0x0000000085900000|  0%| F|  |TAMS 0x0000000085800000, 0x0000000085800000| Untracked 
|  47|0x0000000085900000, 0x0000000085900000, 0x0000000085a00000|  0%| F|  |TAMS 0x0000000085900000, 0x0000000085900000| Untracked 
|  48|0x0000000085a00000, 0x0000000085a00000, 0x0000000085b00000|  0%| F|  |TAMS 0x0000000085a00000, 0x0000000085a00000| Untracked 
|  49|0x0000000085b00000, 0x0000000085bdfb80, 0x0000000085c00000| 87%| S|CS|TAMS 0x0000000085b00000, 0x0000000085b00000| Complete 
|  50|0x0000000085c00000, 0x0000000085d00000, 0x0000000085d00000|100%| S|CS|TAMS 0x0000000085c00000, 0x0000000085c00000| Complete 
|  51|0x0000000085d00000, 0x0000000085e00000, 0x0000000085e00000|100%| S|CS|TAMS 0x0000000085d00000, 0x0000000085d00000| Complete 
|  52|0x0000000085e00000, 0x0000000085e00000, 0x0000000085f00000|  0%| F|  |TAMS 0x0000000085e00000, 0x0000000085e00000| Untracked 
|  53|0x0000000085f00000, 0x0000000085f00000, 0x0000000086000000|  0%| F|  |TAMS 0x0000000085f00000, 0x0000000085f00000| Untracked 
|  54|0x0000000086000000, 0x0000000086100000, 0x0000000086100000|100%| S|CS|TAMS 0x0000000086000000, 0x0000000086000000| Complete 
|  55|0x0000000086100000, 0x0000000086100000, 0x0000000086200000|  0%| F|  |TAMS 0x0000000086100000, 0x0000000086100000| Untracked 
|  56|0x0000000086200000, 0x0000000086200000, 0x0000000086300000|  0%| F|  |TAMS 0x0000000086200000, 0x0000000086200000| Untracked 
|  57|0x0000000086300000, 0x0000000086300000, 0x0000000086400000|  0%| F|  |TAMS 0x0000000086300000, 0x0000000086300000| Untracked 
|  58|0x0000000086400000, 0x0000000086400000, 0x0000000086500000|  0%| F|  |TAMS 0x0000000086400000, 0x0000000086400000| Untracked 
|  59|0x0000000086500000, 0x0000000086500000, 0x0000000086600000|  0%| F|  |TAMS 0x0000000086500000, 0x0000000086500000| Untracked 
|  60|0x0000000086600000, 0x0000000086600000, 0x0000000086700000|  0%| F|  |TAMS 0x0000000086600000, 0x0000000086600000| Untracked 
|  61|0x0000000086700000, 0x0000000086700000, 0x0000000086800000|  0%| F|  |TAMS 0x0000000086700000, 0x0000000086700000| Untracked 
|  62|0x0000000086800000, 0x0000000086800000, 0x0000000086900000|  0%| F|  |TAMS 0x0000000086800000, 0x0000000086800000| Untracked 
|  63|0x0000000086900000, 0x0000000086900000, 0x0000000086a00000|  0%| F|  |TAMS 0x0000000086900000, 0x0000000086900000| Untracked 
|  64|0x0000000086a00000, 0x0000000086a00000, 0x0000000086b00000|  0%| F|  |TAMS 0x0000000086a00000, 0x0000000086a00000| Untracked 
|  65|0x0000000086b00000, 0x0000000086b00000, 0x0000000086c00000|  0%| F|  |TAMS 0x0000000086b00000, 0x0000000086b00000| Untracked 
|  66|0x0000000086c00000, 0x0000000086c00000, 0x0000000086d00000|  0%| F|  |TAMS 0x0000000086c00000, 0x0000000086c00000| Untracked 
|  67|0x0000000086d00000, 0x0000000086d00000, 0x0000000086e00000|  0%| F|  |TAMS 0x0000000086d00000, 0x0000000086d00000| Untracked 
|  68|0x0000000086e00000, 0x0000000086e00000, 0x0000000086f00000|  0%| F|  |TAMS 0x0000000086e00000, 0x0000000086e00000| Untracked 
|  69|0x0000000086f00000, 0x0000000086f00000, 0x0000000087000000|  0%| F|  |TAMS 0x0000000086f00000, 0x0000000086f00000| Untracked 
|  70|0x0000000087000000, 0x0000000087000000, 0x0000000087100000|  0%| F|  |TAMS 0x0000000087000000, 0x0000000087000000| Untracked 
|  71|0x0000000087100000, 0x00000000871f2958, 0x0000000087200000| 94%| E|  |TAMS 0x0000000087100000, 0x0000000087100000| Complete 
|  72|0x0000000087200000, 0x0000000087300000, 0x0000000087300000|100%| E|CS|TAMS 0x0000000087200000, 0x0000000087200000| Complete 
|  73|0x0000000087300000, 0x0000000087400000, 0x0000000087400000|100%| E|CS|TAMS 0x0000000087300000, 0x0000000087300000| Complete 
|  74|0x0000000087400000, 0x0000000087500000, 0x0000000087500000|100%| E|CS|TAMS 0x0000000087400000, 0x0000000087400000| Complete 
|  75|0x0000000087500000, 0x0000000087600000, 0x0000000087600000|100%| E|CS|TAMS 0x0000000087500000, 0x0000000087500000| Complete 
|  76|0x0000000087600000, 0x0000000087700000, 0x0000000087700000|100%| E|CS|TAMS 0x0000000087600000, 0x0000000087600000| Complete 
|  77|0x0000000087700000, 0x0000000087800000, 0x0000000087800000|100%| E|CS|TAMS 0x0000000087700000, 0x0000000087700000| Complete 
| 110|0x0000000089800000, 0x0000000089900000, 0x0000000089900000|100%| E|CS|TAMS 0x0000000089800000, 0x0000000089800000| Complete 
| 111|0x0000000089900000, 0x0000000089a00000, 0x0000000089a00000|100%| E|CS|TAMS 0x0000000089900000, 0x0000000089900000| Complete 
| 112|0x0000000089a00000, 0x0000000089b00000, 0x0000000089b00000|100%| E|CS|TAMS 0x0000000089a00000, 0x0000000089a00000| Complete 
| 113|0x0000000089b00000, 0x0000000089c00000, 0x0000000089c00000|100%| E|CS|TAMS 0x0000000089b00000, 0x0000000089b00000| Complete 
| 115|0x0000000089d00000, 0x0000000089e00000, 0x0000000089e00000|100%| E|CS|TAMS 0x0000000089d00000, 0x0000000089d00000| Complete 
| 125|0x000000008a700000, 0x000000008a800000, 0x000000008a800000|100%| E|CS|TAMS 0x000000008a700000, 0x000000008a700000| Complete 

Card table byte_map: [0x000001c3b0eb0000,0x000001c3b12a0000] _byte_map_base: 0x000001c3b0a9b000

Marking Bits (Prev, Next): (CMBitMap*) 0x000001c3a6187d40, (CMBitMap*) 0x000001c3a6187d80
 Prev Bits: [0x000001c3b1690000, 0x000001c3b35e8000)
 Next Bits: [0x000001c3b35f0000, 0x000001c3b5548000)

Polling page: 0x000001c3a4080000

Metaspace:

Usage:
  Non-class:     64.74 MB used.
      Class:     11.11 MB used.
       Both:     75.85 MB used.

Virtual space:
  Non-class space:       72.00 MB reserved,      65.00 MB ( 90%) committed,  9 nodes.
      Class space:        1.00 GB reserved,      11.44 MB (  1%) committed,  1 nodes.
             Both:        1.07 GB reserved,      76.44 MB (  7%) committed. 

Chunk freelists:
   Non-Class:  2.45 MB
       Class:  596.00 KB
        Both:  3.03 MB

MaxMetaspaceSize: unlimited
CompressedClassSpaceSize: 1.00 GB
Initial GC threshold: 21.00 MB
Current GC threshold: 127.31 MB
CDS: on
MetaspaceReclaimPolicy: balanced
 - commit_granule_bytes: 65536.
 - commit_granule_words: 8192.
 - virtual_space_node_default_size: 1048576.
 - enlarge_chunks_in_place: 1.
 - new_chunks_are_fully_committed: 0.
 - uncommit_free_chunks: 1.
 - use_allocation_guard: 0.
 - handle_deallocations: 1.


Internal statistics:

num_allocs_failed_limit: 15.
num_arena_births: 1028.
num_arena_deaths: 264.
num_vsnodes_births: 10.
num_vsnodes_deaths: 0.
num_space_committed: 1223.
num_space_uncommitted: 0.
num_chunks_returned_to_freelist: 325.
num_chunks_taken_from_freelist: 3920.
num_chunk_merges: 113.
num_chunk_splits: 2724.
num_chunks_enlarged: 2092.
num_purges: 6.
num_inconsistent_stats: 0.

CodeCache: size=49152Kb used=17554Kb max_used=18662Kb free=31597Kb
 bounds [0x000001c3ad9b0000, 0x000001c3aebf0000, 0x000001c3b09b0000]
 total_blobs=10974 nmethods=10252 adapters=648
 compilation: enabled
              stopped_count=0, restarted_count=0
 full_count=0

Compilation events (20 events):
Event: 83.377 Thread 0x000001c3b7fe9420 nmethod 10242 0x000001c3ae96a210 code [0x000001c3ae96a3e0, 0x000001c3ae96a5e8]
Event: 83.377 Thread 0x000001c3b7fe9420 10243  s    1       java.io.FileDescriptor::close (9 bytes)
Event: 83.377 Thread 0x000001c3b7fe9420 nmethod 10243 0x000001c3ae969890 code [0x000001c3ae969a40, 0x000001c3ae969cf8]
Event: 83.378 Thread 0x000001c3b7fe9420 10244  s    1       java.io.FileDescriptor::unregisterCleanup (20 bytes)
Event: 83.378 Thread 0x000001c3b7fe9420 nmethod 10244 0x000001c3ae969490 code [0x000001c3ae969640, 0x000001c3ae969808]
Event: 83.378 Thread 0x000001c3b7fe9420 10245       1       jdk.internal.ref.PhantomCleanable::clear (12 bytes)
Event: 83.378 Thread 0x000001c3b7fe9420 nmethod 10245 0x000001c3ae969110 code [0x000001c3ae9692c0, 0x000001c3ae9693d8]
Event: 83.381 Thread 0x000001c3b7fe9420 10247       1       java.lang.Thread::checkAccess (14 bytes)
Event: 83.382 Thread 0x000001c3b7fe9420 nmethod 10247 0x000001c3ae968d90 code [0x000001c3ae968f20, 0x000001c3ae969048]
Event: 83.382 Thread 0x000001c3b7fe9420 10248       1       org.apache.tomcat.util.threads.ThreadPoolExecutor::runStateAtLeast (11 bytes)
Event: 83.382 Thread 0x000001c3b7fe9420 nmethod 10248 0x000001c3ae968a90 code [0x000001c3ae968c20, 0x000001c3ae968cd8]
Event: 83.383 Thread 0x000001c3b7fe9420 10249   !   1       org.springframework.beans.factory.support.DefaultSingletonBeanRegistry::destroyBean (346 bytes)
Event: 83.384 Thread 0x000001c3b7fe9420 nmethod 10249 0x000001c3ae967510 code [0x000001c3ae967840, 0x000001c3ae968338]
Event: 83.385 Thread 0x000001c3b7fe9420 10251       1       java.util.ArrayList$ListItr::previous (59 bytes)
Event: 83.385 Thread 0x000001c3b7fe9420 nmethod 10251 0x000001c3ae966e10 code [0x000001c3ae966fe0, 0x000001c3ae9672e8]
Event: 83.385 Thread 0x000001c3b7fe9420 10250       1       java.lang.Thread::getName (5 bytes)
Event: 83.385 Thread 0x000001c3b7fe9420 nmethod 10250 0x000001c3ae966b10 code [0x000001c3ae966ca0, 0x000001c3ae966d78]
Event: 83.386 Thread 0x000001c3b7fe9420 10252   !   1       java.util.concurrent.CopyOnWriteArrayList::clear (26 bytes)
Event: 83.387 Thread 0x000001c3b7fe9420 nmethod 10252 0x000001c3ae966610 code [0x000001c3ae9667a0, 0x000001c3ae966a38]
Event: 83.390 Thread 0x000001c3b7fe9420 10253       1       java.util.concurrent.CopyOnWriteArrayList::remove (34 bytes)

GC Heap History (20 events):
Event: 17.217 GC heap before
{Heap before GC invocations=24 (full 0):
 garbage-first heap   total 86016K, used 40514K [0x0000000082a00000, 0x0000000100000000)
  region size 1024K, 5 young (5120K), 4 survivors (4096K)
 Metaspace       used 76943K, committed 77632K, reserved 1122304K
  class space    used 11309K, committed 11648K, reserved 1048576K
}
Event: 17.220 GC heap after
{Heap after GC invocations=25 (full 0):
 garbage-first heap   total 86016K, used 39694K [0x0000000082a00000, 0x0000000100000000)
  region size 1024K, 1 young (1024K), 1 survivors (1024K)
 Metaspace       used 76943K, committed 77632K, reserved 1122304K
  class space    used 11309K, committed 11648K, reserved 1048576K
}
Event: 31.026 GC heap before
{Heap before GC invocations=25 (full 0):
 garbage-first heap   total 86016K, used 67342K [0x0000000082a00000, 0x0000000100000000)
  region size 1024K, 29 young (29696K), 1 survivors (1024K)
 Metaspace       used 76991K, committed 77696K, reserved 1122304K
  class space    used 11317K, committed 11648K, reserved 1048576K
}
Event: 31.028 GC heap after
{Heap after GC invocations=26 (full 0):
 garbage-first heap   total 86016K, used 40060K [0x0000000082a00000, 0x0000000100000000)
  region size 1024K, 1 young (1024K), 1 survivors (1024K)
 Metaspace       used 76991K, committed 77696K, reserved 1122304K
  class space    used 11317K, committed 11648K, reserved 1048576K
}
Event: 49.718 GC heap before
{Heap before GC invocations=27 (full 0):
 garbage-first heap   total 86016K, used 69756K [0x0000000082a00000, 0x0000000100000000)
  region size 1024K, 30 young (30720K), 1 survivors (1024K)
 Metaspace       used 76987K, committed 77696K, reserved 1122304K
  class space    used 11316K, committed 11648K, reserved 1048576K
}
Event: 49.719 GC heap after
{Heap after GC invocations=28 (full 0):
 garbage-first heap   total 86016K, used 40365K [0x0000000082a00000, 0x0000000100000000)
  region size 1024K, 2 young (2048K), 2 survivors (2048K)
 Metaspace       used 76987K, committed 77696K, reserved 1122304K
  class space    used 11316K, committed 11648K, reserved 1048576K
}
Event: 51.058 GC heap before
{Heap before GC invocations=28 (full 0):
 garbage-first heap   total 86016K, used 42413K [0x0000000082a00000, 0x0000000100000000)
  region size 1024K, 4 young (4096K), 2 survivors (2048K)
 Metaspace       used 76987K, committed 77696K, reserved 1122304K
  class space    used 11316K, committed 11648K, reserved 1048576K
}
Event: 51.060 GC heap after
{Heap after GC invocations=29 (full 0):
 garbage-first heap   total 86016K, used 40033K [0x0000000082a00000, 0x0000000100000000)
  region size 1024K, 1 young (1024K), 1 survivors (1024K)
 Metaspace       used 76987K, committed 77696K, reserved 1122304K
  class space    used 11316K, committed 11648K, reserved 1048576K
}
Event: 68.967 GC heap before
{Heap before GC invocations=29 (full 0):
 garbage-first heap   total 86016K, used 64609K [0x0000000082a00000, 0x0000000100000000)
  region size 1024K, 26 young (26624K), 1 survivors (1024K)
 Metaspace       used 77107K, committed 77760K, reserved 1122304K
  class space    used 11346K, committed 11648K, reserved 1048576K
}
Event: 69.032 GC heap after
{Heap after GC invocations=30 (full 1):
 garbage-first heap   total 86016K, used 32937K [0x0000000082a00000, 0x0000000100000000)
  region size 1024K, 0 young (0K), 0 survivors (0K)
 Metaspace       used 76935K, committed 77760K, reserved 1122304K
  class space    used 11306K, committed 11648K, reserved 1048576K
}
Event: 70.152 GC heap before
{Heap before GC invocations=30 (full 1):
 garbage-first heap   total 86016K, used 68777K [0x0000000082a00000, 0x0000000100000000)
  region size 1024K, 35 young (35840K), 0 survivors (0K)
 Metaspace       used 77159K, committed 77760K, reserved 1122304K
  class space    used 11335K, committed 11648K, reserved 1048576K
}
Event: 70.156 GC heap after
{Heap after GC invocations=31 (full 1):
 garbage-first heap   total 86016K, used 36110K [0x0000000082a00000, 0x0000000100000000)
  region size 1024K, 4 young (4096K), 4 survivors (4096K)
 Metaspace       used 77159K, committed 77760K, reserved 1122304K
  class space    used 11335K, committed 11648K, reserved 1048576K
}
Event: 71.079 GC heap before
{Heap before GC invocations=31 (full 1):
 garbage-first heap   total 86016K, used 66830K [0x0000000082a00000, 0x0000000100000000)
  region size 1024K, 34 young (34816K), 4 survivors (4096K)
 Metaspace       used 77302K, committed 77888K, reserved 1122304K
  class space    used 11361K, committed 11648K, reserved 1048576K
}
Event: 71.083 GC heap after
{Heap after GC invocations=32 (full 1):
 garbage-first heap   total 86016K, used 38202K [0x0000000082a00000, 0x0000000100000000)
  region size 1024K, 3 young (3072K), 3 survivors (3072K)
 Metaspace       used 77302K, committed 77888K, reserved 1122304K
  class space    used 11361K, committed 11648K, reserved 1048576K
}
Event: 72.163 GC heap before
{Heap before GC invocations=32 (full 1):
 garbage-first heap   total 86016K, used 66874K [0x0000000082a00000, 0x0000000100000000)
  region size 1024K, 31 young (31744K), 3 survivors (3072K)
 Metaspace       used 77576K, committed 78208K, reserved 1122304K
  class space    used 11383K, committed 11712K, reserved 1048576K
}
Event: 72.165 GC heap after
{Heap after GC invocations=33 (full 1):
 garbage-first heap   total 86016K, used 39359K [0x0000000082a00000, 0x0000000100000000)
  region size 1024K, 4 young (4096K), 4 survivors (4096K)
 Metaspace       used 77576K, committed 78208K, reserved 1122304K
  class space    used 11383K, committed 11712K, reserved 1048576K
}
Event: 72.437 GC heap before
{Heap before GC invocations=34 (full 1):
 garbage-first heap   total 86016K, used 67007K [0x0000000082a00000, 0x0000000100000000)
  region size 1024K, 31 young (31744K), 4 survivors (4096K)
 Metaspace       used 77598K, committed 78272K, reserved 1122304K
  class space    used 11367K, committed 11712K, reserved 1048576K
}
Event: 72.440 GC heap after
{Heap after GC invocations=35 (full 1):
 garbage-first heap   total 86016K, used 40155K [0x0000000082a00000, 0x0000000100000000)
  region size 1024K, 3 young (3072K), 3 survivors (3072K)
 Metaspace       used 77598K, committed 78272K, reserved 1122304K
  class space    used 11367K, committed 11712K, reserved 1048576K
}
Event: 73.108 GC heap before
{Heap before GC invocations=35 (full 1):
 garbage-first heap   total 86016K, used 68827K [0x0000000082a00000, 0x0000000100000000)
  region size 1024K, 31 young (31744K), 3 survivors (3072K)
 Metaspace       used 77662K, committed 78272K, reserved 1122304K
  class space    used 11371K, committed 11712K, reserved 1048576K
}
Event: 73.116 GC heap after
{Heap after GC invocations=36 (full 1):
 garbage-first heap   total 86016K, used 41859K [0x0000000082a00000, 0x0000000100000000)
  region size 1024K, 4 young (4096K), 4 survivors (4096K)
 Metaspace       used 77662K, committed 78272K, reserved 1122304K
  class space    used 11371K, committed 11712K, reserved 1048576K
}

Deoptimization events (10 events):
Event: 2.320 Thread 0x000001c3b95f7420 DEOPT PACKING pc=0x000001c3adec7599 sp=0x00000096599fc9a0
Event: 2.320 Thread 0x000001c3b95f7420 DEOPT UNPACKING pc=0x000001c3ada02b43 sp=0x00000096599fbe80 mode 3
Event: 4.219 Thread 0x000001c3b95f7420 DEOPT PACKING pc=0x000001c3ae22d91d sp=0x00000096599fca50
Event: 4.219 Thread 0x000001c3b95f7420 DEOPT UNPACKING pc=0x000001c3ada02b43 sp=0x00000096599fbfb8 mode 3
Event: 8.196 Thread 0x000001c3b95f7420 DEOPT PACKING pc=0x000001c3adee8624 sp=0x00000096599fc6c0
Event: 8.197 Thread 0x000001c3b95f7420 DEOPT UNPACKING pc=0x000001c3ada02b43 sp=0x00000096599fbc18 mode 0
Event: 9.370 Thread 0x000001c3b95f7420 DEOPT PACKING pc=0x000001c3adf6c922 sp=0x00000096599f76c0
Event: 9.370 Thread 0x000001c3b95f7420 DEOPT UNPACKING pc=0x000001c3ada02b43 sp=0x00000096599f6bc8 mode 3
Event: 9.371 Thread 0x000001c3b95f7420 DEOPT PACKING pc=0x000001c3adf5f815 sp=0x00000096599f7680
Event: 9.371 Thread 0x000001c3b95f7420 DEOPT UNPACKING pc=0x000001c3ada02b43 sp=0x00000096599f6bc8 mode 3

Classes unloaded (20 events):
Event: 72.232 Thread 0x000001c3b7fcc0f0 Unloading class 0x0000000800cf9400 'jdk/internal/reflect/GeneratedSerializationConstructorAccessor14'
Event: 72.232 Thread 0x000001c3b7fcc0f0 Unloading class 0x0000000800cf9000 'jdk/internal/reflect/GeneratedSerializationConstructorAccessor13'
Event: 72.232 Thread 0x000001c3b7fcc0f0 Unloading class 0x0000000800cf8c00 'jdk/internal/reflect/GeneratedSerializationConstructorAccessor12'
Event: 72.232 Thread 0x000001c3b7fcc0f0 Unloading class 0x0000000800cf8800 'jdk/internal/reflect/GeneratedSerializationConstructorAccessor11'
Event: 72.232 Thread 0x000001c3b7fcc0f0 Unloading class 0x0000000800cf8400 'jdk/internal/reflect/GeneratedSerializationConstructorAccessor10'
Event: 72.232 Thread 0x000001c3b7fcc0f0 Unloading class 0x0000000800cf3c00 'jdk/internal/reflect/GeneratedSerializationConstructorAccessor8'
Event: 72.232 Thread 0x000001c3b7fcc0f0 Unloading class 0x0000000800cf0c00 'java/lang/invoke/LambdaForm$MH+0x0000000800cf0c00'
Event: 72.232 Thread 0x000001c3b7fcc0f0 Unloading class 0x0000000800cf0800 'java/lang/invoke/LambdaForm$MH+0x0000000800cf0800'
Event: 72.232 Thread 0x000001c3b7fcc0f0 Unloading class 0x0000000800cf0000 'java/lang/invoke/LambdaForm$MH+0x0000000800cf0000'
Event: 72.232 Thread 0x000001c3b7fcc0f0 Unloading class 0x0000000800ceb400 'jdk/internal/reflect/GeneratedSerializationConstructorAccessor7'
Event: 72.232 Thread 0x000001c3b7fcc0f0 Unloading class 0x0000000800ceb000 'jdk/internal/reflect/GeneratedSerializationConstructorAccessor6'
Event: 72.232 Thread 0x000001c3b7fcc0f0 Unloading class 0x0000000800ceac00 'jdk/internal/reflect/GeneratedSerializationConstructorAccessor5'
Event: 72.232 Thread 0x000001c3b7fcc0f0 Unloading class 0x0000000800cea800 'jdk/internal/reflect/GeneratedSerializationConstructorAccessor4'
Event: 72.232 Thread 0x000001c3b7fcc0f0 Unloading class 0x0000000800cc0400 'jdk/internal/reflect/GeneratedSerializationConstructorAccessor2'
Event: 72.232 Thread 0x000001c3b7fcc0f0 Unloading class 0x0000000800cc0000 'jdk/internal/reflect/GeneratedSerializationConstructorAccessor1'
Event: 72.232 Thread 0x000001c3b7fcc0f0 Unloading class 0x0000000800c07400 'java/lang/invoke/LambdaForm$MH+0x0000000800c07400'
Event: 72.232 Thread 0x000001c3b7fcc0f0 Unloading class 0x0000000800c07000 'java/lang/invoke/LambdaForm$MH+0x0000000800c07000'
Event: 72.232 Thread 0x000001c3b7fcc0f0 Unloading class 0x0000000800c06c00 'java/lang/invoke/LambdaForm$MH+0x0000000800c06c00'
Event: 72.232 Thread 0x000001c3b7fcc0f0 Unloading class 0x0000000800c06800 'java/lang/invoke/LambdaForm$MH+0x0000000800c06800'
Event: 72.232 Thread 0x000001c3b7fcc0f0 Unloading class 0x0000000800c06400 'java/lang/invoke/LambdaForm$MH+0x0000000800c06400'

Classes redefined (0 events):
No events

Internal exceptions (20 events):
Event: 68.965 Thread 0x000001c3bd9790c0 Exception <a 'java/io/IOException'{0x0000000086453db0}> (0x0000000086453db0) 
thrown [s\open\src\hotspot\share\prims\jni.cpp, line 516]
Event: 69.098 Thread 0x000001c3bd979590 Exception <a 'sun/nio/fs/WindowsException'{0x000000008a79af88}> (0x000000008a79af88) 
thrown [s\open\src\hotspot\share\prims\jni.cpp, line 516]
Event: 70.013 Thread 0x000001c3bd979590 Exception <a 'java/lang/NoClassDefFoundError'{0x0000000086001640}: org/flywaydb/core/Flyway> (0x0000000086001640) 
thrown [s\open\src\hotspot\share\oops\constantPool.cpp, line 835]
Event: 70.013 Thread 0x000001c3bd979590 Exception <a 'java/lang/NoClassDefFoundError'{0x0000000086001c90}: liquibase/integration/spring/SpringLiquibase> (0x0000000086001c90) 
thrown [s\open\src\hotspot\share\oops\constantPool.cpp, line 835]
Event: 70.026 Thread 0x000001c3bd979590 Exception <a 'java/lang/NoClassDefFoundError'{0x0000000086084b58}: org/jooq/DSLContext> (0x0000000086084b58) 
thrown [s\open\src\hotspot\share\oops\constantPool.cpp, line 835]
Event: 70.029 Thread 0x000001c3bd979590 Exception <a 'java/lang/NoClassDefFoundError'{0x000000008609d020}: org/springframework/batch/core/repository/JobRepository> (0x000000008609d020) 
thrown [s\open\src\hotspot\share\oops\constantPool.cpp, line 835]
Event: 70.029 Thread 0x000001c3bd979590 Exception <a 'java/lang/NoClassDefFoundError'{0x000000008609d668}: org/quartz/Scheduler> (0x000000008609d668) 
thrown [s\open\src\hotspot\share\oops\constantPool.cpp, line 835]
Event: 70.029 Thread 0x000001c3bd979590 Exception <a 'java/lang/NoClassDefFoundError'{0x000000008609dcd8}: org/springframework/session/jdbc/JdbcIndexedSessionRepository> (0x000000008609dcd8) 
thrown [s\open\src\hotspot\share\oops\constantPool.cpp, line 835]
Event: 70.166 Thread 0x000001c3bd979590 Exception <a 'sun/nio/fs/WindowsException'{0x0000000089dbbc98}> (0x0000000089dbbc98) 
thrown [s\open\src\hotspot\share\prims\jni.cpp, line 516]
Event: 70.167 Thread 0x000001c3bd979590 Exception <a 'sun/nio/fs/WindowsException'{0x0000000089dbc2f0}> (0x0000000089dbc2f0) 
thrown [s\open\src\hotspot\share\prims\jni.cpp, line 516]
Event: 70.167 Thread 0x000001c3bd979590 Exception <a 'sun/nio/fs/WindowsException'{0x0000000089dbc9c8}> (0x0000000089dbc9c8) 
thrown [s\open\src\hotspot\share\prims\jni.cpp, line 516]
Event: 70.185 Thread 0x000001c3bd979590 Exception <a 'java/io/FileNotFoundException'{0x0000000089df3800}> (0x0000000089df3800) 
thrown [s\open\src\hotspot\share\prims\jni.cpp, line 516]
Event: 83.382 Thread 0x000001c3bd979f30 Exception <a 'java/lang/InterruptedException'{0x00000000871616a0}: sleep interrupted> (0x00000000871616a0) 
thrown [s\open\src\hotspot\share\prims\jvm.cpp, line 3070]
Event: 83.386 Thread 0x000001c3bd97a400 Exception <a 'java/io/IOException'{0x00000000871dafb0}> (0x00000000871dafb0) 
thrown [s\open\src\hotspot\share\prims\jni.cpp, line 516]
Event: 83.387 Thread 0x000001c3bd97a400 Exception <a 'java/io/IOException'{0x00000000871ddd60}> (0x00000000871ddd60) 
thrown [s\open\src\hotspot\share\prims\jni.cpp, line 516]
Event: 83.388 Thread 0x000001c3bd97a400 Exception <a 'java/io/IOException'{0x00000000871e5a40}> (0x00000000871e5a40) 
thrown [s\open\src\hotspot\share\prims\jni.cpp, line 516]
Event: 83.388 Thread 0x000001c3bd97a400 Exception <a 'java/net/SocketException'{0x00000000871eaf38}: Connection reset by peer: shutdown> (0x00000000871eaf38) 
thrown [s\open\src\hotspot\share\prims\jni.cpp, line 535]
Event: 83.388 Thread 0x000001c3bd97a400 Exception <a 'java/io/IOException'{0x00000000871ec448}> (0x00000000871ec448) 
thrown [s\open\src\hotspot\share\prims\jni.cpp, line 516]
Event: 83.389 Thread 0x000001c3bd97a400 Exception <a 'java/io/IOException'{0x00000000871ecf88}> (0x00000000871ecf88) 
thrown [s\open\src\hotspot\share\prims\jni.cpp, line 516]
Event: 83.389 Thread 0x000001c3bd97a400 Exception <a 'java/io/IOException'{0x00000000871efd38}> (0x00000000871efd38) 
thrown [s\open\src\hotspot\share\prims\jni.cpp, line 516]

VM Operations (20 events):
Event: 70.800 Executing VM operation: ICBufferFull done
Event: 71.079 Executing VM operation: G1CollectForAllocation
Event: 71.083 Executing VM operation: G1CollectForAllocation done
Event: 72.093 Executing VM operation: Cleanup
Event: 72.094 Executing VM operation: Cleanup done
Event: 72.163 Executing VM operation: G1CollectForAllocation
Event: 72.166 Executing VM operation: G1CollectForAllocation done
Event: 72.231 Executing VM operation: G1Concurrent
Event: 72.243 Executing VM operation: G1Concurrent done
Event: 72.269 Executing VM operation: G1Concurrent
Event: 72.269 Executing VM operation: G1Concurrent done
Event: 72.437 Executing VM operation: G1CollectForAllocation
Event: 72.440 Executing VM operation: G1CollectForAllocation done
Event: 73.088 Executing VM operation: G1CollectForAllocation
Event: 73.119 Executing VM operation: G1CollectForAllocation done
Event: 73.210 Executing VM operation: G1Concurrent
Event: 73.234 Executing VM operation: G1Concurrent done
Event: 73.268 Executing VM operation: G1Concurrent
Event: 73.268 Executing VM operation: G1Concurrent done
Event: 83.390 Executing VM operation: G1CollectFull

Events (20 events):
Event: 83.356 Thread 0x000001c3bd979590 Thread added: 0x000001c3bd979590
Event: 83.356 Thread 0x000001c3bd97a400 Thread exited: 0x000001c3bd97a400
Event: 83.374 Thread 0x000001c3bd9760a0 Thread exited: 0x000001c3bd9760a0
Event: 83.381 Thread 0x000001c3bd974890 Thread exited: 0x000001c3bd974890
Event: 83.382 Thread 0x000001c3bd9778b0 Thread exited: 0x000001c3bd9778b0
Event: 83.382 Thread 0x000001c3bd9743c0 Thread exited: 0x000001c3bd9743c0
Event: 83.382 Thread 0x000001c3bd973a20 Thread exited: 0x000001c3bd973a20
Event: 83.382 Thread 0x000001c3bd978250 Thread exited: 0x000001c3bd978250
Event: 83.382 Thread 0x000001c3bd976a40 Thread exited: 0x000001c3bd976a40
Event: 83.382 Thread 0x000001c3bd976f10 Thread exited: 0x000001c3bd976f10
Event: 83.382 Thread 0x000001c3bd973550 Thread exited: 0x000001c3bd973550
Event: 83.382 Thread 0x000001c3bd978720 Thread exited: 0x000001c3bd978720
Event: 83.382 Thread 0x000001c3bd977d80 Thread exited: 0x000001c3bd977d80
Event: 83.382 Thread 0x000001c3bd973080 Thread exited: 0x000001c3bd973080
Event: 83.382 Thread 0x000001c3bd979f30 Thread exited: 0x000001c3bd979f30
Event: 83.382 Thread 0x000001c3bd979a60 Thread exited: 0x000001c3bd979a60
Event: 83.382 Thread 0x000001c3bd975700 Thread exited: 0x000001c3bd975700
Event: 83.385 Thread 0x000001c3bd97a400 Thread added: 0x000001c3bd97a400
Event: 83.385 Thread 0x000001c3bd978bf0 Thread exited: 0x000001c3bd978bf0
Event: 83.389 Thread 0x000001c3bd97a400 Thread exited: 0x000001c3bd97a400


Dynamic libraries:
0x00007ff721320000 - 0x00007ff721330000 	C:\Program Files\Java\jdk-17\bin\java.exe
0x00007ff878fb0000 - 0x00007ff8791a8000 	C:\WINDOWS\SYSTEM32\ntdll.dll
0x00007ff878e30000 - 0x00007ff878eef000 	C:\WINDOWS\System32\KERNEL32.DLL
0x00007ff876be0000 - 0x00007ff876ed6000 	C:\WINDOWS\System32\KERNELBASE.dll
0x00007ff8769f0000 - 0x00007ff876af0000 	C:\WINDOWS\System32\ucrtbase.dll
0x00007ff82e480000 - 0x00007ff82e49b000 	C:\Program Files\Java\jdk-17\bin\VCRUNTIME140.dll
0x00007ff82e520000 - 0x00007ff82e539000 	C:\Program Files\Java\jdk-17\bin\jli.dll
0x00007ff877c10000 - 0x00007ff877cbf000 	C:\WINDOWS\System32\ADVAPI32.dll
0x00007ff877740000 - 0x00007ff8777de000 	C:\WINDOWS\System32\msvcrt.dll
0x00007ff878be0000 - 0x00007ff878c7c000 	C:\WINDOWS\System32\sechost.dll
0x00007ff878c80000 - 0x00007ff878da6000 	C:\WINDOWS\System32\RPCRT4.dll
0x00007ff877910000 - 0x00007ff877aad000 	C:\WINDOWS\System32\USER32.dll
0x00007ff876860000 - 0x00007ff876882000 	C:\WINDOWS\System32\win32u.dll
0x00007ff877010000 - 0x00007ff87703c000 	C:\WINDOWS\System32\GDI32.dll
0x00007ff855990000 - 0x00007ff855c2a000 	C:\WINDOWS\WinSxS\amd64_microsoft.windows.common-controls_6595b64144ccf1df_6.0.19041.1110_none_60b5254171f9507e\COMCTL32.dll
0x00007ff876740000 - 0x00007ff876855000 	C:\WINDOWS\System32\gdi32full.dll
0x00007ff876b40000 - 0x00007ff876bdd000 	C:\WINDOWS\System32\msvcp_win.dll
0x00007ff868da0000 - 0x00007ff868daa000 	C:\WINDOWS\SYSTEM32\VERSION.dll
0x00007ff878200000 - 0x00007ff878230000 	C:\WINDOWS\System32\IMM32.DLL
0x00007ff842ae0000 - 0x00007ff842aec000 	C:\Program Files\Java\jdk-17\bin\vcruntime140_1.dll
0x00007ff82b960000 - 0x00007ff82b9ee000 	C:\Program Files\Java\jdk-17\bin\msvcp140.dll
0x00007ff824550000 - 0x00007ff82512d000 	C:\Program Files\Java\jdk-17\bin\server\jvm.dll
0x00007ff8771f0000 - 0x00007ff8771f8000 	C:\WINDOWS\System32\PSAPI.DLL
0x00007ff861510000 - 0x00007ff861519000 	C:\WINDOWS\SYSTEM32\WSOCK32.dll
0x00007ff869440000 - 0x00007ff869467000 	C:\WINDOWS\SYSTEM32\WINMM.dll
0x00007ff878190000 - 0x00007ff8781fb000 	C:\WINDOWS\System32\ws2_32.DLL
0x00007ff874520000 - 0x00007ff874532000 	C:\WINDOWS\SYSTEM32\kernel.appcore.dll
0x00007ff842aa0000 - 0x00007ff842aaa000 	C:\Program Files\Java\jdk-17\bin\jimage.dll
0x00007ff872290000 - 0x00007ff872474000 	C:\WINDOWS\SYSTEM32\DBGHELP.DLL
0x00007ff869510000 - 0x00007ff869544000 	C:\WINDOWS\SYSTEM32\dbgcore.DLL
0x00007ff876ee0000 - 0x00007ff876f62000 	C:\WINDOWS\System32\bcryptPrimitives.dll
0x00007ff8721b0000 - 0x00007ff8721be000 	C:\Program Files\Java\jdk-17\bin\instrument.dll
0x00007ff82e3f0000 - 0x00007ff82e415000 	C:\Program Files\Java\jdk-17\bin\java.dll
0x00007ff82b3f0000 - 0x00007ff82b4c7000 	C:\Program Files\Java\jdk-17\bin\jsvml.dll
0x00007ff878360000 - 0x00007ff878aa4000 	C:\WINDOWS\System32\SHELL32.dll
0x00007ff874740000 - 0x00007ff874ed4000 	C:\WINDOWS\SYSTEM32\windows.storage.dll
0x00007ff877370000 - 0x00007ff8776c4000 	C:\WINDOWS\System32\combase.dll
0x00007ff8760d0000 - 0x00007ff8760fe000 	C:\WINDOWS\SYSTEM32\Wldp.dll
0x00007ff877ab0000 - 0x00007ff877b5d000 	C:\WINDOWS\System32\SHCORE.dll
0x00007ff878130000 - 0x00007ff878185000 	C:\WINDOWS\System32\shlwapi.dll
0x00007ff8765c0000 - 0x00007ff8765e5000 	C:\WINDOWS\SYSTEM32\profapi.dll
0x00007ff82e3b0000 - 0x00007ff82e3c8000 	C:\Program Files\Java\jdk-17\bin\zip.dll
0x00007ff82e460000 - 0x00007ff82e479000 	C:\Program Files\Java\jdk-17\bin\net.dll
0x00007ff871940000 - 0x00007ff871a4a000 	C:\WINDOWS\SYSTEM32\WINHTTP.dll
0x00007ff875e30000 - 0x00007ff875e9a000 	C:\WINDOWS\system32\mswsock.dll
0x00007ff82e3d0000 - 0x00007ff82e3e6000 	C:\Program Files\Java\jdk-17\bin\nio.dll
0x00007ff872190000 - 0x00007ff8721aa000 	C:\Program Files\JetBrains\IntelliJ IDEA 2023.1.3\bin\breakgen64.dll
0x00007ff875b20000 - 0x00007ff875bea000 	C:\WINDOWS\SYSTEM32\DNSAPI.dll
0x00007ff875ad0000 - 0x00007ff875b0c000 	C:\WINDOWS\SYSTEM32\IPHLPAPI.DLL
0x00007ff877730000 - 0x00007ff877738000 	C:\WINDOWS\System32\NSI.dll
0x00007ff86aed0000 - 0x00007ff86aeda000 	C:\Windows\System32\rasadhlp.dll
0x00007ff869b70000 - 0x00007ff869bf2000 	C:\WINDOWS\System32\fwpuclnt.dll
0x00007ff876fe0000 - 0x00007ff877007000 	C:\WINDOWS\System32\bcrypt.dll
0x00007ff872180000 - 0x00007ff87218a000 	C:\Program Files\Java\jdk-17\bin\management.dll
0x00007ff872170000 - 0x00007ff87217b000 	C:\Program Files\Java\jdk-17\bin\management_ext.dll
0x00007ff876020000 - 0x00007ff876038000 	C:\WINDOWS\SYSTEM32\CRYPTSP.dll
0x00007ff8756e0000 - 0x00007ff875714000 	C:\WINDOWS\system32\rsaenh.dll
0x00007ff876580000 - 0x00007ff8765ae000 	C:\WINDOWS\SYSTEM32\USERENV.dll
0x00007ff876040000 - 0x00007ff87604c000 	C:\WINDOWS\SYSTEM32\CRYPTBASE.dll
0x00007ff86e0c0000 - 0x00007ff86e0d7000 	C:\WINDOWS\SYSTEM32\dhcpcsvc6.DLL
0x00007ff86e480000 - 0x00007ff86e49d000 	C:\WINDOWS\SYSTEM32\dhcpcsvc.DLL
0x00007ff84ea20000 - 0x00007ff84ea37000 	C:\WINDOWS\system32\napinsp.dll
0x00007ff84ea00000 - 0x00007ff84ea1b000 	C:\WINDOWS\system32\pnrpnsp.dll
0x00007ff84e9e0000 - 0x00007ff84e9f5000 	C:\WINDOWS\system32\wshbth.dll
0x00007ff872050000 - 0x00007ff87206d000 	C:\WINDOWS\system32\NLAapi.dll
0x00007ff84e9c0000 - 0x00007ff84e9d2000 	C:\WINDOWS\System32\winrnr.dll
0x00007ff838c60000 - 0x00007ff838c6d000 	C:\Program Files\Java\jdk-17\bin\sunmscapi.dll
0x00007ff876890000 - 0x00007ff8769ee000 	C:\WINDOWS\System32\CRYPT32.dll
0x00007ff876140000 - 0x00007ff876168000 	C:\WINDOWS\SYSTEM32\ncrypt.dll
0x00007ff876100000 - 0x00007ff87613b000 	C:\WINDOWS\SYSTEM32\NTASN1.dll
0x00007ff840330000 - 0x00007ff840340000 	C:\Program Files\Java\jdk-17\bin\verify.dll
0x00007ff827d80000 - 0x00007ff827d87000 	C:\WINDOWS\system32\wshunix.dll

dbghelp: loaded successfully - version: 4.0.5 - missing functions: none
symbol engine: initialized successfully - sym options: 0x614 - pdb path: .;C:\Program Files\Java\jdk-17\bin;C:\WINDOWS\SYSTEM32;C:\WINDOWS\WinSxS\amd64_microsoft.windows.common-controls_6595b64144ccf1df_6.0.19041.1110_none_60b5254171f9507e;C:\Program Files\Java\jdk-17\bin\server;C:\Program Files\JetBrains\IntelliJ IDEA 2023.1.3\bin

VM Arguments:
jvm_args: -XX:TieredStopAtLevel=1 -Dspring.output.ansi.enabled=always -Dcom.sun.management.jmxremote -Dspring.jmx.enabled=true -Dspring.liveBeansView.mbeanDomain -Dspring.application.admin.enabled=true -Dmanagement.endpoints.jmx.exposure.include=* -javaagent:C:\Program Files\JetBrains\IntelliJ IDEA 2023.1.3\lib\idea_rt.jar=57240:C:\Program Files\JetBrains\IntelliJ IDEA 2023.1.3\bin -Dfile.encoding=UTF-8 
java_command: com.example.bodethi.BodethiApplication
java_class_path (initial): C:\Users\thanh\Documents\bodethi\target\classes;C:\Users\thanh\.m2\repository\org\springframework\boot\spring-boot-starter-thymeleaf\3.1.0\spring-boot-starter-thymeleaf-3.1.0.jar;C:\Users\thanh\.m2\repository\org\springframework\boot\spring-boot-starter\3.1.0\spring-boot-starter-3.1.0.jar;C:\Users\thanh\.m2\repository\org\springframework\boot\spring-boot-starter-logging\3.1.0\spring-boot-starter-logging-3.1.0.jar;C:\Users\thanh\.m2\repository\ch\qos\logback\logback-classic\1.4.7\logback-classic-1.4.7.jar;C:\Users\thanh\.m2\repository\ch\qos\logback\logback-core\1.4.7\logback-core-1.4.7.jar;C:\Users\thanh\.m2\repository\org\apache\logging\log4j\log4j-to-slf4j\2.20.0\log4j-to-slf4j-2.20.0.jar;C:\Users\thanh\.m2\repository\org\apache\logging\log4j\log4j-api\2.20.0\log4j-api-2.20.0.jar;C:\Users\thanh\.m2\repository\org\slf4j\jul-to-slf4j\2.0.7\jul-to-slf4j-2.0.7.jar;C:\Users\thanh\.m2\repository\jakarta\annotation\jakarta.annotation-api\2.1.1\jakarta.annotation-api-2.1.1.jar;C:\Users\thanh\.m2\repository\org\yaml\snakeyaml\1.33\snakeyaml-1.33.jar;C:\Users\thanh\.m2\repository\org\thymeleaf\thymeleaf-spring6\3.1.1.RELEASE\thymeleaf-spring6-3.1.1.RELEASE.jar;C:\Users\thanh\.m2\repository\org\thymeleaf\thymeleaf\3.1.1.RELEASE\thymeleaf-3.1.1.RELEASE.jar;C:\Users\thanh\.m2\repository\org\attoparser\attoparser\2.0.6.RELEASE\attoparser-2.0.6.RELEASE.jar;C:\Users\thanh\.m2\repository\org\unbescape\unbescape\1.1.6.RELEASE\unbescape-1.1.6.RELEASE.jar;C:\Users\thanh\.m2\repository\org\slf4j\slf4j-api\2.0.7\slf4j-api-2.0.7.jar;C:\Users\thanh\.m2\repository\org\springframework\boot\spring-boot-starter-web\3.1.0\spring-boot-starter-web-3.1.0.jar;C:\Users\thanh\.m2\repository\org\springframework\boot\spring-boot-starter-json\3.1.0\spring-boot-starter-json-3.1.0.jar;C:\Users\thanh\.m2\repository\com\fasterxml\jackson\core\jackson-databind\2.15.0\jackson-databind-2.15.0.jar;C:\Users\thanh\.m2\repository\com\fasterxml\jackson\core\jackson-annotations\2.15.0\
Launcher Type: SUN_STANDARD

[Global flags]
     intx CICompilerCount                          = 4                                         {product} {ergonomic}
     uint ConcGCThreads                            = 2                                         {product} {ergonomic}
     uint G1ConcRefinementThreads                  = 8                                         {product} {ergonomic}
   size_t G1HeapRegionSize                         = 1048576                                   {product} {ergonomic}
    uintx GCDrainStackTargetSize                   = 64                                        {product} {ergonomic}
   size_t InitialHeapSize                          = 132120576                                 {product} {ergonomic}
     bool ManagementServer                         = true                                      {product} {command line}
   size_t MarkStackSize                            = 4194304                                   {product} {ergonomic}
   size_t MaxHeapSize                              = 2103443456                                {product} {ergonomic}
   size_t MaxNewSize                               = 1261436928                                {product} {ergonomic}
   size_t MinHeapDeltaBytes                        = 1048576                                   {product} {ergonomic}
   size_t MinHeapSize                              = 8388608                                   {product} {ergonomic}
    uintx NonProfiledCodeHeapSize                  = 0                                      {pd product} {ergonomic}
     bool ProfileInterpreter                       = false                                  {pd product} {command line}
    uintx ProfiledCodeHeapSize                     = 0                                      {pd product} {ergonomic}
   size_t SoftMaxHeapSize                          = 2103443456                             {manageable} {ergonomic}
     intx TieredStopAtLevel                        = 1                                         {product} {command line}
     bool UseCompressedClassPointers               = true                           {product lp64_product} {ergonomic}
     bool UseCompressedOops                        = true                           {product lp64_product} {ergonomic}
     bool UseG1GC                                  = true                                      {product} {ergonomic}
     bool UseLargePagesIndividualAllocation        = false                                  {pd product} {ergonomic}

Logging:
Log output configuration:
 #0: stdout all=warning uptime,level,tags
 #1: stderr all=off uptime,level,tags

Environment Variables:
JAVA_HOME=C:\Program Files\Java\jdk-17
PATH=C:\Program Files\Common Files\Oracle\Java\javapath;C:\Program Files (x86)\Common Files\Oracle\Java\javapath;C:\Program Files\Microsoft MPI\Bin\;C:\WINDOWS\system32;C:\WINDOWS;C:\WINDOWS\System32\Wbem;C:\WINDOWS\System32\WindowsPowerShell\v1.0\;C:\WINDOWS\System32\OpenSSH\;C:\Program Files\Microsoft VS Code\bin;C:\Program Files\Git\cmd;C:\Program Files\nodejs\;C:\Program Files\Azure Data Studio\bin;C:\Program Files (x86)\Microsoft SQL Server\160\Tools\Binn\;C:\Program Files\Microsoft SQL Server\160\Tools\Binn\;C:\Program Files\Microsoft SQL Server\Client SDK\ODBC\170\Tools\Binn\;C:\Program Files\Microsoft SQL Server\160\DTS\Binn\;C:\Program Files (x86)\Microsoft SQL Server\160\DTS\Binn\;C:\Program Files\Java\jdk-17\bin;C:\Program Files\dotnet\;C:\Program Files\NVIDIA Corporation\NVIDIA NvDLISR;C:\Program Files (x86)\NVIDIA Corporation\PhysX\Common;C:\Users\thanh\AppData\Local\Microsoft\WindowsApps;C:\Users\thanh\AppData\Roaming\npm;C:\Program Files\Azure Data Studio\bin
USERNAME=thanh
OS=Windows_NT
PROCESSOR_IDENTIFIER=Intel64 Family 6 Model 158 Stepping 10, GenuineIntel



---------------  S Y S T E M  ---------------

OS:
 Windows 10 , 64 bit Build 19041 (10.0.19041.3155)
OS uptime: 0 days 1:16 hours

CPU: total 8 (initial active 8) (4 cores per cpu, 2 threads per core) family 6 model 158 stepping 10 microcode 0xf0, cx8, cmov, fxsr, ht, mmx, 3dnowpref, sse, sse2, sse3, ssse3, sse4.1, sse4.2, popcnt, lzcnt, tsc, tscinvbit, avx, avx2, aes, erms, clmul, bmi1, bmi2, adx, fma, vzeroupper, clflush, clflushopt

Memory: 4k page, system-wide physical 8021M (554M free)
TotalPageFile size 16213M (AvailPageFile size 7M)
current process WorkingSet (physical memory assigned to process): 255M, peak: 256M
current process commit charge ("private bytes"): 306M, peak: 308M

vm_info: Java HotSpot(TM) 64-Bit Server VM (17.0.7+8-LTS-224) for windows-amd64 JRE (17.0.7+8-LTS-224), built on Feb 28 2023 23:03:02 by "mach5one" with MS VC++ 17.1 (VS2022)

END.
